2023-12-11 11:55:25.110 INFO  --- [main] com.fanlian.interviewcode.InterviewCodeApplication Line:55  - Starting InterviewCodeApplication using Java 1.8.0_301 on DESKTOP-HPV2FFG with PID 22516 (J:\SpringBootDemo\InterviewCode\target\classes started by FanLian in J:\SpringBootDemo\InterviewCode)
2023-12-11 11:55:25.112 INFO  --- [main] com.fanlian.interviewcode.InterviewCodeApplication Line:634 - No active profile set, falling back to 1 default profile: "default"
2023-12-11 11:55:25.682 INFO  --- [main] org.apache.catalina.core.AprLifecycleListener Line:173 - Loaded Apache Tomcat Native library [1.2.39] using APR version [1.7.4].
2023-12-11 11:55:25.683 INFO  --- [main] org.apache.catalina.core.AprLifecycleListener Line:173 - APR capabilities: IPv6 [true], sendfile [true], accept filters [false], random [true], UDS [true].
2023-12-11 11:55:25.683 INFO  --- [main] org.apache.catalina.core.AprLifecycleListener Line:173 - APR/OpenSSL configuration: useAprConnector [false], useOpenSSL [true]
2023-12-11 11:55:25.687 INFO  --- [main] org.apache.catalina.core.AprLifecycleListener Line:173 - OpenSSL successfully initialized [OpenSSL 3.0.11 19 Sep 2023]
2023-12-11 11:55:25.692 INFO  --- [main] org.apache.coyote.http11.Http11NioProtocol Line:173 - Initializing ProtocolHandler ["http-nio-8080"]
2023-12-11 11:55:25.692 INFO  --- [main] org.apache.catalina.core.StandardService Line:173 - Starting service [Tomcat]
2023-12-11 11:55:25.692 INFO  --- [main] org.apache.catalina.core.StandardEngine Line:173 - Starting Servlet engine: [Apache Tomcat/9.0.63]
2023-12-11 11:55:25.785 INFO  --- [main] org.apache.catalina.core.ContainerBase.[Tomcat].[localhost].[/] Line:173 - Initializing Spring embedded WebApplicationContext
2023-12-11 11:55:26.071 INFO  --- [main] org.apache.coyote.http11.Http11NioProtocol Line:173 - Starting ProtocolHandler ["http-nio-8080"]
2023-12-11 11:55:26.118 INFO  --- [main] com.fanlian.interviewcode.InterviewCodeApplication Line:61  - Started InterviewCodeApplication in 1.269 seconds (JVM running for 2.561)
2023-12-11 11:55:32.831 INFO  --- [http-nio-8080-exec-1] org.apache.catalina.core.ContainerBase.[Tomcat].[localhost].[/] Line:173 - Initializing Spring DispatcherServlet 'dispatcherServlet'
2023-12-11 11:55:32.845 INFO  --- [http-nio-8080-exec-1] com.fanlian.interviewcode.controller.UserController Line:21  - application 执行了........
2023-12-11 12:16:30.978 INFO  --- [main] com.fanlian.interviewcode.InterviewCodeApplication Line:55  - Starting InterviewCodeApplication using Java 1.8.0_301 on DESKTOP-HPV2FFG with PID 22000 (J:\SpringBootDemo\InterviewCode\target\classes started by FanLian in J:\SpringBootDemo\InterviewCode)
2023-12-11 12:16:30.981 INFO  --- [main] com.fanlian.interviewcode.InterviewCodeApplication Line:634 - No active profile set, falling back to 1 default profile: "default"
2023-12-11 12:16:31.560 INFO  --- [main] org.apache.catalina.core.AprLifecycleListener Line:173 - Loaded Apache Tomcat Native library [1.2.39] using APR version [1.7.4].
2023-12-11 12:16:31.561 INFO  --- [main] org.apache.catalina.core.AprLifecycleListener Line:173 - APR capabilities: IPv6 [true], sendfile [true], accept filters [false], random [true], UDS [true].
2023-12-11 12:16:31.561 INFO  --- [main] org.apache.catalina.core.AprLifecycleListener Line:173 - APR/OpenSSL configuration: useAprConnector [false], useOpenSSL [true]
2023-12-11 12:16:31.565 INFO  --- [main] org.apache.catalina.core.AprLifecycleListener Line:173 - OpenSSL successfully initialized [OpenSSL 3.0.11 19 Sep 2023]
2023-12-11 12:16:31.570 INFO  --- [main] org.apache.coyote.http11.Http11NioProtocol Line:173 - Initializing ProtocolHandler ["http-nio-8080"]
2023-12-11 12:16:31.570 INFO  --- [main] org.apache.catalina.core.StandardService Line:173 - Starting service [Tomcat]
2023-12-11 12:16:31.570 INFO  --- [main] org.apache.catalina.core.StandardEngine Line:173 - Starting Servlet engine: [Apache Tomcat/9.0.63]
2023-12-11 12:16:31.661 INFO  --- [main] org.apache.catalina.core.ContainerBase.[Tomcat].[localhost].[/] Line:173 - Initializing Spring embedded WebApplicationContext
2023-12-11 12:16:31.947 INFO  --- [main] org.apache.coyote.http11.Http11NioProtocol Line:173 - Starting ProtocolHandler ["http-nio-8080"]
2023-12-11 12:16:31.992 INFO  --- [main] com.fanlian.interviewcode.InterviewCodeApplication Line:61  - Started InterviewCodeApplication in 1.281 seconds (JVM running for 2.605)
2023-12-11 12:20:12.707 INFO  --- [main] com.fanlian.interviewcode.InterviewCodeApplication Line:55  - Starting InterviewCodeApplication using Java 1.8.0_301 on DESKTOP-HPV2FFG with PID 22740 (J:\SpringBootDemo\InterviewCode\target\classes started by FanLian in J:\SpringBootDemo\InterviewCode)
2023-12-11 12:20:12.709 INFO  --- [main] com.fanlian.interviewcode.InterviewCodeApplication Line:634 - No active profile set, falling back to 1 default profile: "default"
2023-12-11 12:20:13.282 INFO  --- [main] org.apache.catalina.core.AprLifecycleListener Line:173 - Loaded Apache Tomcat Native library [1.2.39] using APR version [1.7.4].
2023-12-11 12:20:13.282 INFO  --- [main] org.apache.catalina.core.AprLifecycleListener Line:173 - APR capabilities: IPv6 [true], sendfile [true], accept filters [false], random [true], UDS [true].
2023-12-11 12:20:13.282 INFO  --- [main] org.apache.catalina.core.AprLifecycleListener Line:173 - APR/OpenSSL configuration: useAprConnector [false], useOpenSSL [true]
2023-12-11 12:20:13.286 INFO  --- [main] org.apache.catalina.core.AprLifecycleListener Line:173 - OpenSSL successfully initialized [OpenSSL 3.0.11 19 Sep 2023]
2023-12-11 12:20:13.291 INFO  --- [main] org.apache.coyote.http11.Http11NioProtocol Line:173 - Initializing ProtocolHandler ["http-nio-8080"]
2023-12-11 12:20:13.291 INFO  --- [main] org.apache.catalina.core.StandardService Line:173 - Starting service [Tomcat]
2023-12-11 12:20:13.292 INFO  --- [main] org.apache.catalina.core.StandardEngine Line:173 - Starting Servlet engine: [Apache Tomcat/9.0.63]
2023-12-11 12:20:13.381 INFO  --- [main] org.apache.catalina.core.ContainerBase.[Tomcat].[localhost].[/] Line:173 - Initializing Spring embedded WebApplicationContext
2023-12-11 12:20:13.669 INFO  --- [main] org.apache.coyote.http11.Http11NioProtocol Line:173 - Starting ProtocolHandler ["http-nio-8080"]
2023-12-11 12:20:13.713 INFO  --- [main] com.fanlian.interviewcode.InterviewCodeApplication Line:61  - Started InterviewCodeApplication in 1.258 seconds (JVM running for 2.536)
2023-12-11 12:24:37.263 INFO  --- [main] com.fanlian.interviewcode.InterviewCodeApplication Line:55  - Starting InterviewCodeApplication using Java 1.8.0_301 on DESKTOP-HPV2FFG with PID 1768 (J:\SpringBootDemo\InterviewCode\target\classes started by FanLian in J:\SpringBootDemo\InterviewCode)
2023-12-11 12:24:37.266 INFO  --- [main] com.fanlian.interviewcode.InterviewCodeApplication Line:634 - No active profile set, falling back to 1 default profile: "default"
2023-12-11 12:24:37.829 INFO  --- [main] org.apache.catalina.core.AprLifecycleListener Line:173 - Loaded Apache Tomcat Native library [1.2.39] using APR version [1.7.4].
2023-12-11 12:24:37.830 INFO  --- [main] org.apache.catalina.core.AprLifecycleListener Line:173 - APR capabilities: IPv6 [true], sendfile [true], accept filters [false], random [true], UDS [true].
2023-12-11 12:24:37.830 INFO  --- [main] org.apache.catalina.core.AprLifecycleListener Line:173 - APR/OpenSSL configuration: useAprConnector [false], useOpenSSL [true]
2023-12-11 12:24:37.834 INFO  --- [main] org.apache.catalina.core.AprLifecycleListener Line:173 - OpenSSL successfully initialized [OpenSSL 3.0.11 19 Sep 2023]
2023-12-11 12:24:37.839 INFO  --- [main] org.apache.coyote.http11.Http11NioProtocol Line:173 - Initializing ProtocolHandler ["http-nio-8080"]
2023-12-11 12:24:37.839 INFO  --- [main] org.apache.catalina.core.StandardService Line:173 - Starting service [Tomcat]
2023-12-11 12:24:37.839 INFO  --- [main] org.apache.catalina.core.StandardEngine Line:173 - Starting Servlet engine: [Apache Tomcat/9.0.63]
2023-12-11 12:24:37.934 INFO  --- [main] org.apache.catalina.core.ContainerBase.[Tomcat].[localhost].[/] Line:173 - Initializing Spring embedded WebApplicationContext
2023-12-11 12:24:38.258 INFO  --- [main] org.apache.coyote.http11.Http11NioProtocol Line:173 - Starting ProtocolHandler ["http-nio-8080"]
2023-12-11 12:24:38.302 INFO  --- [main] com.fanlian.interviewcode.InterviewCodeApplication Line:61  - Started InterviewCodeApplication in 1.295 seconds (JVM running for 2.635)
2023-12-11 12:34:34.191 INFO  --- [main] com.fanlian.interviewcode.InterviewCodeApplication Line:55  - Starting InterviewCodeApplication using Java 1.8.0_301 on DESKTOP-HPV2FFG with PID 7324 (J:\SpringBootDemo\InterviewCode\target\classes started by FanLian in J:\SpringBootDemo\InterviewCode)
2023-12-11 12:34:34.194 INFO  --- [main] com.fanlian.interviewcode.InterviewCodeApplication Line:634 - No active profile set, falling back to 1 default profile: "default"
2023-12-11 12:34:34.783 INFO  --- [main] org.apache.catalina.core.AprLifecycleListener Line:173 - Loaded Apache Tomcat Native library [1.2.39] using APR version [1.7.4].
2023-12-11 12:34:34.783 INFO  --- [main] org.apache.catalina.core.AprLifecycleListener Line:173 - APR capabilities: IPv6 [true], sendfile [true], accept filters [false], random [true], UDS [true].
2023-12-11 12:34:34.783 INFO  --- [main] org.apache.catalina.core.AprLifecycleListener Line:173 - APR/OpenSSL configuration: useAprConnector [false], useOpenSSL [true]
2023-12-11 12:34:34.788 INFO  --- [main] org.apache.catalina.core.AprLifecycleListener Line:173 - OpenSSL successfully initialized [OpenSSL 3.0.11 19 Sep 2023]
2023-12-11 12:34:34.792 INFO  --- [main] org.apache.coyote.http11.Http11NioProtocol Line:173 - Initializing ProtocolHandler ["http-nio-8080"]
2023-12-11 12:34:34.793 INFO  --- [main] org.apache.catalina.core.StandardService Line:173 - Starting service [Tomcat]
2023-12-11 12:34:34.793 INFO  --- [main] org.apache.catalina.core.StandardEngine Line:173 - Starting Servlet engine: [Apache Tomcat/9.0.63]
2023-12-11 12:34:34.883 INFO  --- [main] org.apache.catalina.core.ContainerBase.[Tomcat].[localhost].[/] Line:173 - Initializing Spring embedded WebApplicationContext
2023-12-11 12:34:35.161 INFO  --- [main] org.apache.coyote.http11.Http11NioProtocol Line:173 - Starting ProtocolHandler ["http-nio-8080"]
2023-12-11 12:34:35.204 INFO  --- [main] com.fanlian.interviewcode.InterviewCodeApplication Line:61  - Started InterviewCodeApplication in 1.279 seconds (JVM running for 2.583)
2023-12-11 12:34:53.850 INFO  --- [http-nio-8080-exec-1] org.apache.catalina.core.ContainerBase.[Tomcat].[localhost].[/] Line:173 - Initializing Spring DispatcherServlet 'dispatcherServlet'
2023-12-11 13:00:59.689 INFO  --- [main] com.fanlian.interviewcode.InterviewCodeApplication Line:55  - Starting InterviewCodeApplication using Java 1.8.0_301 on DESKTOP-HPV2FFG with PID 15896 (J:\SpringBootDemo\InterviewCode\target\classes started by FanLian in J:\SpringBootDemo\InterviewCode)
2023-12-11 13:00:59.691 INFO  --- [main] com.fanlian.interviewcode.InterviewCodeApplication Line:634 - No active profile set, falling back to 1 default profile: "default"
2023-12-11 13:01:00.272 INFO  --- [main] org.apache.catalina.core.AprLifecycleListener Line:173 - Loaded Apache Tomcat Native library [1.2.39] using APR version [1.7.4].
2023-12-11 13:01:00.273 INFO  --- [main] org.apache.catalina.core.AprLifecycleListener Line:173 - APR capabilities: IPv6 [true], sendfile [true], accept filters [false], random [true], UDS [true].
2023-12-11 13:01:00.273 INFO  --- [main] org.apache.catalina.core.AprLifecycleListener Line:173 - APR/OpenSSL configuration: useAprConnector [false], useOpenSSL [true]
2023-12-11 13:01:00.277 INFO  --- [main] org.apache.catalina.core.AprLifecycleListener Line:173 - OpenSSL successfully initialized [OpenSSL 3.0.11 19 Sep 2023]
2023-12-11 13:01:00.282 INFO  --- [main] org.apache.coyote.http11.Http11NioProtocol Line:173 - Initializing ProtocolHandler ["http-nio-8080"]
2023-12-11 13:01:00.282 INFO  --- [main] org.apache.catalina.core.StandardService Line:173 - Starting service [Tomcat]
2023-12-11 13:01:00.282 INFO  --- [main] org.apache.catalina.core.StandardEngine Line:173 - Starting Servlet engine: [Apache Tomcat/9.0.63]
2023-12-11 13:01:00.369 INFO  --- [main] org.apache.catalina.core.ContainerBase.[Tomcat].[localhost].[/] Line:173 - Initializing Spring embedded WebApplicationContext
2023-12-11 13:01:00.689 INFO  --- [main] org.apache.coyote.http11.Http11NioProtocol Line:173 - Starting ProtocolHandler ["http-nio-8080"]
2023-12-11 13:01:00.705 INFO  --- [main] com.fanlian.interviewcode.InterviewCodeApplication Line:61  - Started InterviewCodeApplication in 1.271 seconds (JVM running for 2.564)
2023-12-11 13:01:28.949 INFO  --- [main] com.fanlian.interviewcode.InterviewCodeApplication Line:55  - Starting InterviewCodeApplication using Java 1.8.0_301 on DESKTOP-HPV2FFG with PID 22052 (J:\SpringBootDemo\InterviewCode\target\classes started by FanLian in J:\SpringBootDemo\InterviewCode)
2023-12-11 13:01:28.951 INFO  --- [main] com.fanlian.interviewcode.InterviewCodeApplication Line:634 - No active profile set, falling back to 1 default profile: "default"
2023-12-11 13:01:29.540 INFO  --- [main] org.apache.catalina.core.AprLifecycleListener Line:173 - Loaded Apache Tomcat Native library [1.2.39] using APR version [1.7.4].
2023-12-11 13:01:29.540 INFO  --- [main] org.apache.catalina.core.AprLifecycleListener Line:173 - APR capabilities: IPv6 [true], sendfile [true], accept filters [false], random [true], UDS [true].
2023-12-11 13:01:29.541 INFO  --- [main] org.apache.catalina.core.AprLifecycleListener Line:173 - APR/OpenSSL configuration: useAprConnector [false], useOpenSSL [true]
2023-12-11 13:01:29.545 INFO  --- [main] org.apache.catalina.core.AprLifecycleListener Line:173 - OpenSSL successfully initialized [OpenSSL 3.0.11 19 Sep 2023]
2023-12-11 13:01:29.550 INFO  --- [main] org.apache.coyote.http11.Http11NioProtocol Line:173 - Initializing ProtocolHandler ["http-nio-8080"]
2023-12-11 13:01:29.550 INFO  --- [main] org.apache.catalina.core.StandardService Line:173 - Starting service [Tomcat]
2023-12-11 13:01:29.550 INFO  --- [main] org.apache.catalina.core.StandardEngine Line:173 - Starting Servlet engine: [Apache Tomcat/9.0.63]
2023-12-11 13:01:29.638 INFO  --- [main] org.apache.catalina.core.ContainerBase.[Tomcat].[localhost].[/] Line:173 - Initializing Spring embedded WebApplicationContext
2023-12-11 13:01:29.956 INFO  --- [main] org.apache.coyote.http11.Http11NioProtocol Line:173 - Starting ProtocolHandler ["http-nio-8080"]
2023-12-11 13:01:29.973 INFO  --- [main] com.fanlian.interviewcode.InterviewCodeApplication Line:61  - Started InterviewCodeApplication in 1.273 seconds (JVM running for 2.597)
2023-12-11 13:04:09.221 INFO  --- [http-nio-8080-exec-1] org.apache.catalina.core.ContainerBase.[Tomcat].[localhost].[/] Line:173 - Initializing Spring DispatcherServlet 'dispatcherServlet'
2023-12-11 13:05:21.467 INFO  --- [main] com.fanlian.interviewcode.InterviewCodeApplication Line:55  - Starting InterviewCodeApplication using Java 1.8.0_301 on DESKTOP-HPV2FFG with PID 18932 (J:\SpringBootDemo\InterviewCode\target\classes started by FanLian in J:\SpringBootDemo\InterviewCode)
2023-12-11 13:05:21.470 INFO  --- [main] com.fanlian.interviewcode.InterviewCodeApplication Line:634 - No active profile set, falling back to 1 default profile: "default"
2023-12-11 13:05:22.057 INFO  --- [main] org.apache.catalina.core.AprLifecycleListener Line:173 - Loaded Apache Tomcat Native library [1.2.39] using APR version [1.7.4].
2023-12-11 13:05:22.057 INFO  --- [main] org.apache.catalina.core.AprLifecycleListener Line:173 - APR capabilities: IPv6 [true], sendfile [true], accept filters [false], random [true], UDS [true].
2023-12-11 13:05:22.057 INFO  --- [main] org.apache.catalina.core.AprLifecycleListener Line:173 - APR/OpenSSL configuration: useAprConnector [false], useOpenSSL [true]
2023-12-11 13:05:22.061 INFO  --- [main] org.apache.catalina.core.AprLifecycleListener Line:173 - OpenSSL successfully initialized [OpenSSL 3.0.11 19 Sep 2023]
2023-12-11 13:05:22.066 INFO  --- [main] org.apache.coyote.http11.Http11NioProtocol Line:173 - Initializing ProtocolHandler ["http-nio-8080"]
2023-12-11 13:05:22.066 INFO  --- [main] org.apache.catalina.core.StandardService Line:173 - Starting service [Tomcat]
2023-12-11 13:05:22.067 INFO  --- [main] org.apache.catalina.core.StandardEngine Line:173 - Starting Servlet engine: [Apache Tomcat/9.0.63]
2023-12-11 13:05:22.156 INFO  --- [main] org.apache.catalina.core.ContainerBase.[Tomcat].[localhost].[/] Line:173 - Initializing Spring embedded WebApplicationContext
2023-12-11 13:05:22.479 INFO  --- [main] org.apache.coyote.http11.Http11NioProtocol Line:173 - Starting ProtocolHandler ["http-nio-8080"]
2023-12-11 13:05:22.495 INFO  --- [main] com.fanlian.interviewcode.InterviewCodeApplication Line:61  - Started InterviewCodeApplication in 1.283 seconds (JVM running for 2.622)
2023-12-11 13:05:29.922 INFO  --- [http-nio-8080-exec-1] org.apache.catalina.core.ContainerBase.[Tomcat].[localhost].[/] Line:173 - Initializing Spring DispatcherServlet 'dispatcherServlet'
2023-12-11 13:17:34.786 INFO  --- [main] com.fanlian.interviewcode.InterviewCodeApplication Line:55  - Starting InterviewCodeApplication using Java 1.8.0_301 on DESKTOP-HPV2FFG with PID 24884 (J:\SpringBootDemo\InterviewCode\target\classes started by FanLian in J:\SpringBootDemo\InterviewCode)
2023-12-11 13:17:34.789 INFO  --- [main] com.fanlian.interviewcode.InterviewCodeApplication Line:634 - No active profile set, falling back to 1 default profile: "default"
2023-12-11 13:17:35.363 INFO  --- [main] org.apache.catalina.core.AprLifecycleListener Line:173 - Loaded Apache Tomcat Native library [1.2.39] using APR version [1.7.4].
2023-12-11 13:17:35.363 INFO  --- [main] org.apache.catalina.core.AprLifecycleListener Line:173 - APR capabilities: IPv6 [true], sendfile [true], accept filters [false], random [true], UDS [true].
2023-12-11 13:17:35.363 INFO  --- [main] org.apache.catalina.core.AprLifecycleListener Line:173 - APR/OpenSSL configuration: useAprConnector [false], useOpenSSL [true]
2023-12-11 13:17:35.368 INFO  --- [main] org.apache.catalina.core.AprLifecycleListener Line:173 - OpenSSL successfully initialized [OpenSSL 3.0.11 19 Sep 2023]
2023-12-11 13:17:35.372 INFO  --- [main] org.apache.coyote.http11.Http11NioProtocol Line:173 - Initializing ProtocolHandler ["http-nio-8080"]
2023-12-11 13:17:35.373 INFO  --- [main] org.apache.catalina.core.StandardService Line:173 - Starting service [Tomcat]
2023-12-11 13:17:35.373 INFO  --- [main] org.apache.catalina.core.StandardEngine Line:173 - Starting Servlet engine: [Apache Tomcat/9.0.63]
2023-12-11 13:17:35.462 INFO  --- [main] org.apache.catalina.core.ContainerBase.[Tomcat].[localhost].[/] Line:173 - Initializing Spring embedded WebApplicationContext
2023-12-11 13:17:35.783 INFO  --- [main] org.apache.coyote.http11.Http11NioProtocol Line:173 - Starting ProtocolHandler ["http-nio-8080"]
2023-12-11 13:17:35.798 INFO  --- [main] com.fanlian.interviewcode.InterviewCodeApplication Line:61  - Started InterviewCodeApplication in 1.268 seconds (JVM running for 2.583)
2023-12-11 13:17:40.059 INFO  --- [http-nio-8080-exec-2] org.apache.catalina.core.ContainerBase.[Tomcat].[localhost].[/] Line:173 - Initializing Spring DispatcherServlet 'dispatcherServlet'
2023-12-11 13:20:01.233 INFO  --- [main] com.fanlian.interviewcode.InterviewCodeApplication Line:55  - Starting InterviewCodeApplication using Java 1.8.0_301 on DESKTOP-HPV2FFG with PID 24236 (J:\SpringBootDemo\InterviewCode\target\classes started by FanLian in J:\SpringBootDemo\InterviewCode)
2023-12-11 13:20:01.235 INFO  --- [main] com.fanlian.interviewcode.InterviewCodeApplication Line:634 - No active profile set, falling back to 1 default profile: "default"
2023-12-11 13:20:01.815 INFO  --- [main] org.apache.catalina.core.AprLifecycleListener Line:173 - Loaded Apache Tomcat Native library [1.2.39] using APR version [1.7.4].
2023-12-11 13:20:01.815 INFO  --- [main] org.apache.catalina.core.AprLifecycleListener Line:173 - APR capabilities: IPv6 [true], sendfile [true], accept filters [false], random [true], UDS [true].
2023-12-11 13:20:01.815 INFO  --- [main] org.apache.catalina.core.AprLifecycleListener Line:173 - APR/OpenSSL configuration: useAprConnector [false], useOpenSSL [true]
2023-12-11 13:20:01.820 INFO  --- [main] org.apache.catalina.core.AprLifecycleListener Line:173 - OpenSSL successfully initialized [OpenSSL 3.0.11 19 Sep 2023]
2023-12-11 13:20:01.824 INFO  --- [main] org.apache.coyote.http11.Http11NioProtocol Line:173 - Initializing ProtocolHandler ["http-nio-8080"]
2023-12-11 13:20:01.825 INFO  --- [main] org.apache.catalina.core.StandardService Line:173 - Starting service [Tomcat]
2023-12-11 13:20:01.825 INFO  --- [main] org.apache.catalina.core.StandardEngine Line:173 - Starting Servlet engine: [Apache Tomcat/9.0.63]
2023-12-11 13:20:01.915 INFO  --- [main] org.apache.catalina.core.ContainerBase.[Tomcat].[localhost].[/] Line:173 - Initializing Spring embedded WebApplicationContext
2023-12-11 13:20:02.242 INFO  --- [main] org.apache.coyote.http11.Http11NioProtocol Line:173 - Starting ProtocolHandler ["http-nio-8080"]
2023-12-11 13:20:02.258 INFO  --- [main] com.fanlian.interviewcode.InterviewCodeApplication Line:61  - Started InterviewCodeApplication in 1.295 seconds (JVM running for 2.739)
2023-12-11 13:20:05.537 INFO  --- [http-nio-8080-exec-1] org.apache.catalina.core.ContainerBase.[Tomcat].[localhost].[/] Line:173 - Initializing Spring DispatcherServlet 'dispatcherServlet'
2023-12-11 13:25:12.907 INFO  --- [main] com.fanlian.interviewcode.InterviewCodeApplication Line:55  - Starting InterviewCodeApplication using Java 1.8.0_301 on DESKTOP-HPV2FFG with PID 20800 (J:\SpringBootDemo\InterviewCode\target\classes started by FanLian in J:\SpringBootDemo\InterviewCode)
2023-12-11 13:25:12.909 INFO  --- [main] com.fanlian.interviewcode.InterviewCodeApplication Line:634 - No active profile set, falling back to 1 default profile: "default"
2023-12-11 13:25:13.493 INFO  --- [main] org.apache.catalina.core.AprLifecycleListener Line:173 - Loaded Apache Tomcat Native library [1.2.39] using APR version [1.7.4].
2023-12-11 13:25:13.494 INFO  --- [main] org.apache.catalina.core.AprLifecycleListener Line:173 - APR capabilities: IPv6 [true], sendfile [true], accept filters [false], random [true], UDS [true].
2023-12-11 13:25:13.494 INFO  --- [main] org.apache.catalina.core.AprLifecycleListener Line:173 - APR/OpenSSL configuration: useAprConnector [false], useOpenSSL [true]
2023-12-11 13:25:13.498 INFO  --- [main] org.apache.catalina.core.AprLifecycleListener Line:173 - OpenSSL successfully initialized [OpenSSL 3.0.11 19 Sep 2023]
2023-12-11 13:25:13.503 INFO  --- [main] org.apache.coyote.http11.Http11NioProtocol Line:173 - Initializing ProtocolHandler ["http-nio-8080"]
2023-12-11 13:25:13.503 INFO  --- [main] org.apache.catalina.core.StandardService Line:173 - Starting service [Tomcat]
2023-12-11 13:25:13.503 INFO  --- [main] org.apache.catalina.core.StandardEngine Line:173 - Starting Servlet engine: [Apache Tomcat/9.0.63]
2023-12-11 13:25:13.593 INFO  --- [main] org.apache.catalina.core.ContainerBase.[Tomcat].[localhost].[/] Line:173 - Initializing Spring embedded WebApplicationContext
2023-12-11 13:25:13.912 INFO  --- [main] org.apache.coyote.http11.Http11NioProtocol Line:173 - Starting ProtocolHandler ["http-nio-8080"]
2023-12-11 13:25:13.929 INFO  --- [main] com.fanlian.interviewcode.InterviewCodeApplication Line:61  - Started InterviewCodeApplication in 1.269 seconds (JVM running for 2.554)
2023-12-11 13:25:18.292 INFO  --- [http-nio-8080-exec-2] org.apache.catalina.core.ContainerBase.[Tomcat].[localhost].[/] Line:173 - Initializing Spring DispatcherServlet 'dispatcherServlet'
2023-12-11 13:31:07.672 INFO  --- [main] com.fanlian.interviewcode.InterviewCodeApplicationTests Line:55  - Starting InterviewCodeApplicationTests using Java 1.8.0_301 on DESKTOP-HPV2FFG with PID 24684 (started by FanLian in J:\SpringBootDemo\InterviewCode)
2023-12-11 13:31:07.675 INFO  --- [main] com.fanlian.interviewcode.InterviewCodeApplicationTests Line:634 - No active profile set, falling back to 1 default profile: "default"
2023-12-11 13:31:08.963 INFO  --- [main] com.fanlian.interviewcode.InterviewCodeApplicationTests Line:61  - Started InterviewCodeApplicationTests in 1.557 seconds (JVM running for 2.792)
2023-12-11 13:34:49.272 INFO  --- [main] com.fanlian.interviewcode.InterviewCodeApplicationTests Line:55  - Starting InterviewCodeApplicationTests using Java 1.8.0_301 on DESKTOP-HPV2FFG with PID 19616 (started by FanLian in J:\SpringBootDemo\InterviewCode)
2023-12-11 13:34:49.275 INFO  --- [main] com.fanlian.interviewcode.InterviewCodeApplicationTests Line:634 - No active profile set, falling back to 1 default profile: "default"
2023-12-11 13:34:50.742 INFO  --- [main] com.fanlian.interviewcode.InterviewCodeApplicationTests Line:55  - Starting InterviewCodeApplicationTests using Java 1.8.0_301 on DESKTOP-HPV2FFG with PID 23096 (started by FanLian in J:\SpringBootDemo\InterviewCode)
2023-12-11 13:34:50.745 INFO  --- [main] com.fanlian.interviewcode.InterviewCodeApplicationTests Line:634 - No active profile set, falling back to 1 default profile: "default"
2023-12-11 13:34:51.133 INFO  --- [main] com.fanlian.interviewcode.InterviewCodeApplicationTests Line:61  - Started InterviewCodeApplicationTests in 2.186 seconds (JVM running for 3.578)
2023-12-11 13:34:52.701 INFO  --- [main] com.fanlian.interviewcode.InterviewCodeApplicationTests Line:61  - Started InterviewCodeApplicationTests in 2.291 seconds (JVM running for 3.32)
2023-12-11 13:39:37.681 INFO  --- [main] com.fanlian.interviewcode.InterviewCodeApplicationTests Line:55  - Starting InterviewCodeApplicationTests using Java 1.8.0_301 on DESKTOP-HPV2FFG with PID 21320 (started by FanLian in J:\SpringBootDemo\InterviewCode)
2023-12-11 13:39:37.684 INFO  --- [main] com.fanlian.interviewcode.InterviewCodeApplicationTests Line:634 - No active profile set, falling back to 1 default profile: "default"
2023-12-11 13:39:39.033 INFO  --- [main] com.fanlian.interviewcode.InterviewCodeApplicationTests Line:61  - Started InterviewCodeApplicationTests in 1.615 seconds (JVM running for 2.499)
2023-12-11 13:39:54.531 INFO  --- [main] com.fanlian.interviewcode.InterviewCodeApplication Line:55  - Starting InterviewCodeApplication using Java 1.8.0_301 on DESKTOP-HPV2FFG with PID 24156 (J:\SpringBootDemo\InterviewCode\target\classes started by FanLian in J:\SpringBootDemo\InterviewCode)
2023-12-11 13:39:54.534 INFO  --- [main] com.fanlian.interviewcode.InterviewCodeApplication Line:634 - No active profile set, falling back to 1 default profile: "default"
2023-12-11 13:39:55.132 INFO  --- [main] org.apache.catalina.core.AprLifecycleListener Line:173 - Loaded Apache Tomcat Native library [1.2.39] using APR version [1.7.4].
2023-12-11 13:39:55.132 INFO  --- [main] org.apache.catalina.core.AprLifecycleListener Line:173 - APR capabilities: IPv6 [true], sendfile [true], accept filters [false], random [true], UDS [true].
2023-12-11 13:39:55.132 INFO  --- [main] org.apache.catalina.core.AprLifecycleListener Line:173 - APR/OpenSSL configuration: useAprConnector [false], useOpenSSL [true]
2023-12-11 13:39:55.136 INFO  --- [main] org.apache.catalina.core.AprLifecycleListener Line:173 - OpenSSL successfully initialized [OpenSSL 3.0.11 19 Sep 2023]
2023-12-11 13:39:55.141 INFO  --- [main] org.apache.coyote.http11.Http11NioProtocol Line:173 - Initializing ProtocolHandler ["http-nio-8080"]
2023-12-11 13:39:55.141 INFO  --- [main] org.apache.catalina.core.StandardService Line:173 - Starting service [Tomcat]
2023-12-11 13:39:55.141 INFO  --- [main] org.apache.catalina.core.StandardEngine Line:173 - Starting Servlet engine: [Apache Tomcat/9.0.63]
2023-12-11 13:39:55.232 INFO  --- [main] org.apache.catalina.core.ContainerBase.[Tomcat].[localhost].[/] Line:173 - Initializing Spring embedded WebApplicationContext
2023-12-11 13:39:55.561 INFO  --- [main] org.apache.coyote.http11.Http11NioProtocol Line:173 - Starting ProtocolHandler ["http-nio-8080"]
2023-12-11 13:39:55.577 INFO  --- [main] com.fanlian.interviewcode.InterviewCodeApplication Line:61  - Started InterviewCodeApplication in 1.318 seconds (JVM running for 2.614)
2023-12-11 13:39:59.871 INFO  --- [http-nio-8080-exec-1] org.apache.catalina.core.ContainerBase.[Tomcat].[localhost].[/] Line:173 - Initializing Spring DispatcherServlet 'dispatcherServlet'
2023-12-11 13:40:36.446 INFO  --- [main] com.fanlian.interviewcode.InterviewCodeApplication Line:55  - Starting InterviewCodeApplication using Java 1.8.0_301 on DESKTOP-HPV2FFG with PID 21728 (J:\SpringBootDemo\InterviewCode\target\classes started by FanLian in J:\SpringBootDemo\InterviewCode)
2023-12-11 13:40:36.448 INFO  --- [main] com.fanlian.interviewcode.InterviewCodeApplication Line:634 - No active profile set, falling back to 1 default profile: "default"
2023-12-11 13:40:37.049 INFO  --- [main] org.apache.catalina.core.AprLifecycleListener Line:173 - Loaded Apache Tomcat Native library [1.2.39] using APR version [1.7.4].
2023-12-11 13:40:37.049 INFO  --- [main] org.apache.catalina.core.AprLifecycleListener Line:173 - APR capabilities: IPv6 [true], sendfile [true], accept filters [false], random [true], UDS [true].
2023-12-11 13:40:37.049 INFO  --- [main] org.apache.catalina.core.AprLifecycleListener Line:173 - APR/OpenSSL configuration: useAprConnector [false], useOpenSSL [true]
2023-12-11 13:40:37.054 INFO  --- [main] org.apache.catalina.core.AprLifecycleListener Line:173 - OpenSSL successfully initialized [OpenSSL 3.0.11 19 Sep 2023]
2023-12-11 13:40:37.058 INFO  --- [main] org.apache.coyote.http11.Http11NioProtocol Line:173 - Initializing ProtocolHandler ["http-nio-8080"]
2023-12-11 13:40:37.059 INFO  --- [main] org.apache.catalina.core.StandardService Line:173 - Starting service [Tomcat]
2023-12-11 13:40:37.059 INFO  --- [main] org.apache.catalina.core.StandardEngine Line:173 - Starting Servlet engine: [Apache Tomcat/9.0.63]
2023-12-11 13:40:37.154 INFO  --- [main] org.apache.catalina.core.ContainerBase.[Tomcat].[localhost].[/] Line:173 - Initializing Spring embedded WebApplicationContext
2023-12-11 13:40:37.255 INFO  --- [main] org.apache.catalina.core.StandardService Line:173 - Stopping service [Tomcat]
2023-12-11 13:41:22.851 INFO  --- [main] com.fanlian.interviewcode.InterviewCodeApplication Line:55  - Starting InterviewCodeApplication using Java 1.8.0_301 on DESKTOP-HPV2FFG with PID 25252 (J:\SpringBootDemo\InterviewCode\target\classes started by FanLian in J:\SpringBootDemo\InterviewCode)
2023-12-11 13:41:22.853 INFO  --- [main] com.fanlian.interviewcode.InterviewCodeApplication Line:634 - No active profile set, falling back to 1 default profile: "default"
2023-12-11 13:41:23.428 INFO  --- [main] org.apache.catalina.core.AprLifecycleListener Line:173 - Loaded Apache Tomcat Native library [1.2.39] using APR version [1.7.4].
2023-12-11 13:41:23.428 INFO  --- [main] org.apache.catalina.core.AprLifecycleListener Line:173 - APR capabilities: IPv6 [true], sendfile [true], accept filters [false], random [true], UDS [true].
2023-12-11 13:41:23.428 INFO  --- [main] org.apache.catalina.core.AprLifecycleListener Line:173 - APR/OpenSSL configuration: useAprConnector [false], useOpenSSL [true]
2023-12-11 13:41:23.432 INFO  --- [main] org.apache.catalina.core.AprLifecycleListener Line:173 - OpenSSL successfully initialized [OpenSSL 3.0.11 19 Sep 2023]
2023-12-11 13:41:23.437 INFO  --- [main] org.apache.coyote.http11.Http11NioProtocol Line:173 - Initializing ProtocolHandler ["http-nio-8080"]
2023-12-11 13:41:23.437 INFO  --- [main] org.apache.catalina.core.StandardService Line:173 - Starting service [Tomcat]
2023-12-11 13:41:23.438 INFO  --- [main] org.apache.catalina.core.StandardEngine Line:173 - Starting Servlet engine: [Apache Tomcat/9.0.63]
2023-12-11 13:41:23.527 INFO  --- [main] org.apache.catalina.core.ContainerBase.[Tomcat].[localhost].[/] Line:173 - Initializing Spring embedded WebApplicationContext
2023-12-11 13:41:23.850 INFO  --- [main] org.apache.coyote.http11.Http11NioProtocol Line:173 - Starting ProtocolHandler ["http-nio-8080"]
2023-12-11 13:41:23.866 INFO  --- [main] com.fanlian.interviewcode.InterviewCodeApplication Line:61  - Started InterviewCodeApplication in 1.276 seconds (JVM running for 2.748)
2023-12-11 13:41:29.818 INFO  --- [http-nio-8080-exec-1] org.apache.catalina.core.ContainerBase.[Tomcat].[localhost].[/] Line:173 - Initializing Spring DispatcherServlet 'dispatcherServlet'
2023-12-11 13:45:27.214 INFO  --- [main] com.fanlian.interviewcode.InterviewCodeApplication Line:55  - Starting InterviewCodeApplication using Java 1.8.0_301 on DESKTOP-HPV2FFG with PID 22052 (J:\SpringBootDemo\InterviewCode\target\classes started by FanLian in J:\SpringBootDemo\InterviewCode)
2023-12-11 13:45:27.216 INFO  --- [main] com.fanlian.interviewcode.InterviewCodeApplication Line:634 - No active profile set, falling back to 1 default profile: "default"
2023-12-11 13:45:27.794 INFO  --- [main] org.apache.catalina.core.AprLifecycleListener Line:173 - Loaded Apache Tomcat Native library [1.2.39] using APR version [1.7.4].
2023-12-11 13:45:27.794 INFO  --- [main] org.apache.catalina.core.AprLifecycleListener Line:173 - APR capabilities: IPv6 [true], sendfile [true], accept filters [false], random [true], UDS [true].
2023-12-11 13:45:27.794 INFO  --- [main] org.apache.catalina.core.AprLifecycleListener Line:173 - APR/OpenSSL configuration: useAprConnector [false], useOpenSSL [true]
2023-12-11 13:45:27.799 INFO  --- [main] org.apache.catalina.core.AprLifecycleListener Line:173 - OpenSSL successfully initialized [OpenSSL 3.0.11 19 Sep 2023]
2023-12-11 13:45:27.803 INFO  --- [main] org.apache.coyote.http11.Http11NioProtocol Line:173 - Initializing ProtocolHandler ["http-nio-8080"]
2023-12-11 13:45:27.804 INFO  --- [main] org.apache.catalina.core.StandardService Line:173 - Starting service [Tomcat]
2023-12-11 13:45:27.804 INFO  --- [main] org.apache.catalina.core.StandardEngine Line:173 - Starting Servlet engine: [Apache Tomcat/9.0.63]
2023-12-11 13:45:27.891 INFO  --- [main] org.apache.catalina.core.ContainerBase.[Tomcat].[localhost].[/] Line:173 - Initializing Spring embedded WebApplicationContext
2023-12-11 13:45:28.215 INFO  --- [main] org.apache.coyote.http11.Http11NioProtocol Line:173 - Starting ProtocolHandler ["http-nio-8080"]
2023-12-11 13:45:28.232 INFO  --- [main] com.fanlian.interviewcode.InterviewCodeApplication Line:61  - Started InterviewCodeApplication in 1.272 seconds (JVM running for 2.887)
2023-12-11 13:46:09.560 INFO  --- [main] com.fanlian.interviewcode.InterviewCodeApplicationTests Line:55  - Starting InterviewCodeApplicationTests using Java 1.8.0_301 on DESKTOP-HPV2FFG with PID 17684 (started by FanLian in J:\SpringBootDemo\InterviewCode)
2023-12-11 13:46:09.563 INFO  --- [main] com.fanlian.interviewcode.InterviewCodeApplicationTests Line:634 - No active profile set, falling back to 1 default profile: "default"
2023-12-11 13:46:10.896 INFO  --- [main] com.fanlian.interviewcode.InterviewCodeApplicationTests Line:61  - Started InterviewCodeApplicationTests in 1.649 seconds (JVM running for 2.912)
2023-12-11 13:49:06.834 INFO  --- [main] com.fanlian.interviewcode.InterviewCodeApplicationTests Line:55  - Starting InterviewCodeApplicationTests using Java 1.8.0_301 on DESKTOP-HPV2FFG with PID 22940 (started by FanLian in J:\SpringBootDemo\InterviewCode)
2023-12-11 13:49:06.837 INFO  --- [main] com.fanlian.interviewcode.InterviewCodeApplicationTests Line:634 - No active profile set, falling back to 1 default profile: "default"
2023-12-11 13:49:08.150 INFO  --- [main] com.fanlian.interviewcode.InterviewCodeApplicationTests Line:61  - Started InterviewCodeApplicationTests in 1.576 seconds (JVM running for 2.428)
2023-12-11 13:57:46.214 INFO  --- [main] com.fanlian.interviewcode.InterviewCodeApplicationTests Line:55  - Starting InterviewCodeApplicationTests using Java 1.8.0_301 on DESKTOP-HPV2FFG with PID 25424 (started by FanLian in J:\SpringBootDemo\InterviewCode)
2023-12-11 13:57:46.216 INFO  --- [main] com.fanlian.interviewcode.InterviewCodeApplicationTests Line:634 - No active profile set, falling back to 1 default profile: "default"
2023-12-11 13:57:47.580 INFO  --- [main] com.fanlian.interviewcode.InterviewCodeApplicationTests Line:61  - Started InterviewCodeApplicationTests in 1.621 seconds (JVM running for 2.495)
2023-12-11 14:03:08.317 INFO  --- [main] com.fanlian.interviewcode.InterviewCodeApplicationTests Line:55  - Starting InterviewCodeApplicationTests using Java 1.8.0_301 on DESKTOP-HPV2FFG with PID 15920 (started by FanLian in J:\SpringBootDemo\InterviewCode)
2023-12-11 14:03:08.320 INFO  --- [main] com.fanlian.interviewcode.InterviewCodeApplicationTests Line:634 - No active profile set, falling back to 1 default profile: "default"
2023-12-11 14:03:09.719 INFO  --- [main] com.fanlian.interviewcode.InterviewCodeApplicationTests Line:61  - Started InterviewCodeApplicationTests in 1.679 seconds (JVM running for 2.522)
2023-12-11 14:03:09.908 INFO  --- [main] com.zaxxer.hikari.HikariDataSource Line:110 - HikariPool-1 - Starting...
2023-12-11 14:03:11.832 INFO  --- [main] com.zaxxer.hikari.HikariDataSource Line:123 - HikariPool-1 - Start completed.
2023-12-11 14:03:11.890 INFO  --- [SpringApplicationShutdownHook] com.zaxxer.hikari.HikariDataSource Line:350 - HikariPool-1 - Shutdown initiated...
2023-12-11 14:03:11.892 INFO  --- [SpringApplicationShutdownHook] com.zaxxer.hikari.HikariDataSource Line:352 - HikariPool-1 - Shutdown completed.
2023-12-11 14:04:45.559 INFO  --- [main] com.fanlian.interviewcode.InterviewCodeApplication Line:55  - Starting InterviewCodeApplication using Java 1.8.0_301 on DESKTOP-HPV2FFG with PID 25028 (J:\SpringBootDemo\InterviewCode\target\classes started by FanLian in J:\SpringBootDemo\InterviewCode)
2023-12-11 14:04:45.561 INFO  --- [main] com.fanlian.interviewcode.InterviewCodeApplication Line:634 - No active profile set, falling back to 1 default profile: "default"
2023-12-11 14:04:46.144 INFO  --- [main] org.apache.catalina.core.AprLifecycleListener Line:173 - Loaded Apache Tomcat Native library [1.2.39] using APR version [1.7.4].
2023-12-11 14:04:46.144 INFO  --- [main] org.apache.catalina.core.AprLifecycleListener Line:173 - APR capabilities: IPv6 [true], sendfile [true], accept filters [false], random [true], UDS [true].
2023-12-11 14:04:46.145 INFO  --- [main] org.apache.catalina.core.AprLifecycleListener Line:173 - APR/OpenSSL configuration: useAprConnector [false], useOpenSSL [true]
2023-12-11 14:04:46.149 INFO  --- [main] org.apache.catalina.core.AprLifecycleListener Line:173 - OpenSSL successfully initialized [OpenSSL 3.0.11 19 Sep 2023]
2023-12-11 14:04:46.154 INFO  --- [main] org.apache.coyote.http11.Http11NioProtocol Line:173 - Initializing ProtocolHandler ["http-nio-8080"]
2023-12-11 14:04:46.154 INFO  --- [main] org.apache.catalina.core.StandardService Line:173 - Starting service [Tomcat]
2023-12-11 14:04:46.154 INFO  --- [main] org.apache.catalina.core.StandardEngine Line:173 - Starting Servlet engine: [Apache Tomcat/9.0.63]
2023-12-11 14:04:46.243 INFO  --- [main] org.apache.catalina.core.ContainerBase.[Tomcat].[localhost].[/] Line:173 - Initializing Spring embedded WebApplicationContext
2023-12-11 14:04:46.632 INFO  --- [main] org.apache.coyote.http11.Http11NioProtocol Line:173 - Starting ProtocolHandler ["http-nio-8080"]
2023-12-11 14:04:46.649 INFO  --- [main] com.fanlian.interviewcode.InterviewCodeApplication Line:61  - Started InterviewCodeApplication in 1.357 seconds (JVM running for 2.683)
2023-12-11 14:04:53.801 INFO  --- [http-nio-8080-exec-1] org.apache.catalina.core.ContainerBase.[Tomcat].[localhost].[/] Line:173 - Initializing Spring DispatcherServlet 'dispatcherServlet'
2023-12-11 14:04:53.863 INFO  --- [http-nio-8080-exec-1] com.zaxxer.hikari.HikariDataSource Line:110 - HikariPool-1 - Starting...
2023-12-11 14:04:54.833 INFO  --- [http-nio-8080-exec-1] com.zaxxer.hikari.HikariDataSource Line:123 - HikariPool-1 - Start completed.
2023-12-11 14:05:36.258 INFO  --- [main] com.fanlian.interviewcode.InterviewCodeApplicationTests Line:55  - Starting InterviewCodeApplicationTests using Java 1.8.0_301 on DESKTOP-HPV2FFG with PID 23160 (started by FanLian in J:\SpringBootDemo\InterviewCode)
2023-12-11 14:05:36.261 INFO  --- [main] com.fanlian.interviewcode.InterviewCodeApplicationTests Line:634 - No active profile set, falling back to 1 default profile: "default"
2023-12-11 14:05:37.676 INFO  --- [main] com.fanlian.interviewcode.InterviewCodeApplicationTests Line:61  - Started InterviewCodeApplicationTests in 1.699 seconds (JVM running for 2.539)
2023-12-11 14:05:37.885 INFO  --- [main] com.zaxxer.hikari.HikariDataSource Line:110 - HikariPool-1 - Starting...
2023-12-11 14:05:39.807 INFO  --- [main] com.zaxxer.hikari.HikariDataSource Line:123 - HikariPool-1 - Start completed.
2023-12-11 14:05:39.862 INFO  --- [SpringApplicationShutdownHook] com.zaxxer.hikari.HikariDataSource Line:350 - HikariPool-1 - Shutdown initiated...
2023-12-11 14:05:39.865 INFO  --- [SpringApplicationShutdownHook] com.zaxxer.hikari.HikariDataSource Line:352 - HikariPool-1 - Shutdown completed.
2023-12-11 14:08:09.538 INFO  --- [main] com.fanlian.interviewcode.InterviewCodeApplicationTests Line:55  - Starting InterviewCodeApplicationTests using Java 1.8.0_301 on DESKTOP-HPV2FFG with PID 3140 (started by FanLian in J:\SpringBootDemo\InterviewCode)
2023-12-11 14:08:09.541 INFO  --- [main] com.fanlian.interviewcode.InterviewCodeApplicationTests Line:634 - No active profile set, falling back to 1 default profile: "default"
2023-12-11 14:08:10.901 INFO  --- [main] com.fanlian.interviewcode.InterviewCodeApplicationTests Line:61  - Started InterviewCodeApplicationTests in 1.636 seconds (JVM running for 2.469)
2023-12-11 14:08:11.094 INFO  --- [main] com.zaxxer.hikari.HikariDataSource Line:110 - HikariPool-1 - Starting...
2023-12-11 14:08:13.024 INFO  --- [main] com.zaxxer.hikari.HikariDataSource Line:123 - HikariPool-1 - Start completed.
2023-12-11 14:08:13.083 INFO  --- [SpringApplicationShutdownHook] com.zaxxer.hikari.HikariDataSource Line:350 - HikariPool-1 - Shutdown initiated...
2023-12-11 14:08:13.085 INFO  --- [SpringApplicationShutdownHook] com.zaxxer.hikari.HikariDataSource Line:352 - HikariPool-1 - Shutdown completed.
2023-12-11 14:19:02.503 INFO  --- [main] com.fanlian.interviewcode.InterviewCodeApplicationTests Line:55  - Starting InterviewCodeApplicationTests using Java 1.8.0_301 on DESKTOP-HPV2FFG with PID 24384 (started by FanLian in J:\SpringBootDemo\InterviewCode)
2023-12-11 14:19:02.506 INFO  --- [main] com.fanlian.interviewcode.InterviewCodeApplicationTests Line:634 - No active profile set, falling back to 1 default profile: "default"
2023-12-11 14:19:03.888 INFO  --- [main] com.fanlian.interviewcode.InterviewCodeApplicationTests Line:61  - Started InterviewCodeApplicationTests in 1.661 seconds (JVM running for 2.548)
2023-12-11 14:19:04.079 INFO  --- [main] com.zaxxer.hikari.HikariDataSource Line:110 - HikariPool-1 - Starting...
2023-12-11 14:19:06.003 INFO  --- [main] com.zaxxer.hikari.HikariDataSource Line:123 - HikariPool-1 - Start completed.
2023-12-11 14:19:06.060 INFO  --- [SpringApplicationShutdownHook] com.zaxxer.hikari.HikariDataSource Line:350 - HikariPool-1 - Shutdown initiated...
2023-12-11 14:19:06.063 INFO  --- [SpringApplicationShutdownHook] com.zaxxer.hikari.HikariDataSource Line:352 - HikariPool-1 - Shutdown completed.
2023-12-11 16:43:45.246 INFO  --- [main] com.fanlian.interviewcode.InterviewCodeApplicationTests Line:55  - Starting InterviewCodeApplicationTests using Java 1.8.0_301 on DESKTOP-HPV2FFG with PID 25888 (started by FanLian in J:\SpringBootDemo\InterviewCode)
2023-12-11 16:43:45.249 INFO  --- [main] com.fanlian.interviewcode.InterviewCodeApplicationTests Line:634 - No active profile set, falling back to 1 default profile: "default"
2023-12-11 16:43:46.656 INFO  --- [main] com.fanlian.interviewcode.InterviewCodeApplicationTests Line:61  - Started InterviewCodeApplicationTests in 1.679 seconds (JVM running for 2.523)
2023-12-11 16:43:46.864 INFO  --- [main] com.zaxxer.hikari.HikariDataSource Line:110 - HikariPool-1 - Starting...
2023-12-11 16:43:48.762 INFO  --- [main] com.zaxxer.hikari.HikariDataSource Line:123 - HikariPool-1 - Start completed.
2023-12-11 16:43:48.846 INFO  --- [SpringApplicationShutdownHook] com.zaxxer.hikari.HikariDataSource Line:350 - HikariPool-1 - Shutdown initiated...
2023-12-11 16:43:48.849 INFO  --- [SpringApplicationShutdownHook] com.zaxxer.hikari.HikariDataSource Line:352 - HikariPool-1 - Shutdown completed.
2023-12-11 16:45:18.089 INFO  --- [main] com.fanlian.interviewcode.InterviewCodeApplicationTests Line:55  - Starting InterviewCodeApplicationTests using Java 1.8.0_301 on DESKTOP-HPV2FFG with PID 16024 (started by FanLian in J:\SpringBootDemo\InterviewCode)
2023-12-11 16:45:18.092 INFO  --- [main] com.fanlian.interviewcode.InterviewCodeApplicationTests Line:634 - No active profile set, falling back to 1 default profile: "default"
2023-12-11 16:45:19.703 INFO  --- [main] com.fanlian.interviewcode.InterviewCodeApplicationTests Line:61  - Started InterviewCodeApplicationTests in 1.931 seconds (JVM running for 3.073)
2023-12-11 16:45:19.940 INFO  --- [main] com.zaxxer.hikari.HikariDataSource Line:110 - HikariPool-1 - Starting...
2023-12-11 16:45:21.935 INFO  --- [main] com.zaxxer.hikari.HikariDataSource Line:123 - HikariPool-1 - Start completed.
2023-12-11 16:45:22.025 INFO  --- [SpringApplicationShutdownHook] com.zaxxer.hikari.HikariDataSource Line:350 - HikariPool-1 - Shutdown initiated...
2023-12-11 16:45:22.028 INFO  --- [SpringApplicationShutdownHook] com.zaxxer.hikari.HikariDataSource Line:352 - HikariPool-1 - Shutdown completed.
2023-12-11 16:46:40.508 INFO  --- [main] com.fanlian.interviewcode.InterviewCodeApplicationTests Line:55  - Starting InterviewCodeApplicationTests using Java 1.8.0_301 on DESKTOP-HPV2FFG with PID 27312 (started by FanLian in J:\SpringBootDemo\InterviewCode)
2023-12-11 16:46:40.511 INFO  --- [main] com.fanlian.interviewcode.InterviewCodeApplicationTests Line:634 - No active profile set, falling back to 1 default profile: "default"
2023-12-11 16:46:41.916 INFO  --- [main] com.fanlian.interviewcode.InterviewCodeApplicationTests Line:61  - Started InterviewCodeApplicationTests in 1.682 seconds (JVM running for 2.592)
2023-12-11 16:46:42.135 INFO  --- [main] com.zaxxer.hikari.HikariDataSource Line:110 - HikariPool-1 - Starting...
2023-12-11 16:46:44.059 INFO  --- [main] com.zaxxer.hikari.HikariDataSource Line:123 - HikariPool-1 - Start completed.
2023-12-11 16:46:44.143 INFO  --- [SpringApplicationShutdownHook] com.zaxxer.hikari.HikariDataSource Line:350 - HikariPool-1 - Shutdown initiated...
2023-12-11 16:46:44.146 INFO  --- [SpringApplicationShutdownHook] com.zaxxer.hikari.HikariDataSource Line:352 - HikariPool-1 - Shutdown completed.
2023-12-11 16:47:38.311 INFO  --- [main] com.fanlian.interviewcode.InterviewCodeApplicationTests Line:55  - Starting InterviewCodeApplicationTests using Java 1.8.0_301 on DESKTOP-HPV2FFG with PID 19404 (started by FanLian in J:\SpringBootDemo\InterviewCode)
2023-12-11 16:47:38.315 INFO  --- [main] com.fanlian.interviewcode.InterviewCodeApplicationTests Line:634 - No active profile set, falling back to 1 default profile: "default"
2023-12-11 16:47:39.761 INFO  --- [main] com.fanlian.interviewcode.InterviewCodeApplicationTests Line:61  - Started InterviewCodeApplicationTests in 1.721 seconds (JVM running for 2.592)
2023-12-11 16:47:39.978 INFO  --- [main] com.zaxxer.hikari.HikariDataSource Line:110 - HikariPool-1 - Starting...
2023-12-11 16:47:41.914 INFO  --- [main] com.zaxxer.hikari.HikariDataSource Line:123 - HikariPool-1 - Start completed.
2023-12-11 16:47:41.997 INFO  --- [SpringApplicationShutdownHook] com.zaxxer.hikari.HikariDataSource Line:350 - HikariPool-1 - Shutdown initiated...
2023-12-11 16:47:42.000 INFO  --- [SpringApplicationShutdownHook] com.zaxxer.hikari.HikariDataSource Line:352 - HikariPool-1 - Shutdown completed.
2023-12-11 16:51:06.612 INFO  --- [main] com.fanlian.interviewcode.InterviewCodeApplicationTests Line:55  - Starting InterviewCodeApplicationTests using Java 1.8.0_301 on DESKTOP-HPV2FFG with PID 25700 (started by FanLian in J:\SpringBootDemo\InterviewCode)
2023-12-11 16:51:06.614 INFO  --- [main] com.fanlian.interviewcode.InterviewCodeApplicationTests Line:634 - No active profile set, falling back to 1 default profile: "default"
2023-12-11 16:51:07.982 INFO  --- [main] com.fanlian.interviewcode.InterviewCodeApplicationTests Line:61  - Started InterviewCodeApplicationTests in 1.64 seconds (JVM running for 2.497)
2023-12-11 16:51:08.184 INFO  --- [main] com.zaxxer.hikari.HikariDataSource Line:110 - HikariPool-1 - Starting...
2023-12-11 16:51:10.080 INFO  --- [main] com.zaxxer.hikari.HikariDataSource Line:123 - HikariPool-1 - Start completed.
2023-12-11 16:51:10.142 INFO  --- [SpringApplicationShutdownHook] com.zaxxer.hikari.HikariDataSource Line:350 - HikariPool-1 - Shutdown initiated...
2023-12-11 16:51:10.144 INFO  --- [SpringApplicationShutdownHook] com.zaxxer.hikari.HikariDataSource Line:352 - HikariPool-1 - Shutdown completed.
2023-12-11 16:52:46.934 INFO  --- [main] com.fanlian.interviewcode.InterviewCodeApplicationTests Line:55  - Starting InterviewCodeApplicationTests using Java 1.8.0_301 on DESKTOP-HPV2FFG with PID 27608 (started by FanLian in J:\SpringBootDemo\InterviewCode)
2023-12-11 16:52:46.937 INFO  --- [main] com.fanlian.interviewcode.InterviewCodeApplicationTests Line:634 - No active profile set, falling back to 1 default profile: "default"
2023-12-11 16:52:48.307 INFO  --- [main] com.fanlian.interviewcode.InterviewCodeApplicationTests Line:61  - Started InterviewCodeApplicationTests in 1.657 seconds (JVM running for 2.583)
2023-12-11 16:52:48.513 INFO  --- [main] com.zaxxer.hikari.HikariDataSource Line:110 - HikariPool-1 - Starting...
2023-12-11 16:52:50.433 INFO  --- [main] com.zaxxer.hikari.HikariDataSource Line:123 - HikariPool-1 - Start completed.
2023-12-11 16:52:50.497 INFO  --- [SpringApplicationShutdownHook] com.zaxxer.hikari.HikariDataSource Line:350 - HikariPool-1 - Shutdown initiated...
2023-12-11 16:52:50.499 INFO  --- [SpringApplicationShutdownHook] com.zaxxer.hikari.HikariDataSource Line:352 - HikariPool-1 - Shutdown completed.
2023-12-11 16:56:00.146 INFO  --- [main] com.fanlian.interviewcode.InterviewCodeApplicationTests Line:55  - Starting InterviewCodeApplicationTests using Java 1.8.0_301 on DESKTOP-HPV2FFG with PID 8044 (started by FanLian in J:\SpringBootDemo\InterviewCode)
2023-12-11 16:56:00.149 INFO  --- [main] com.fanlian.interviewcode.InterviewCodeApplicationTests Line:634 - No active profile set, falling back to 1 default profile: "default"
2023-12-11 16:56:01.582 INFO  --- [main] com.fanlian.interviewcode.InterviewCodeApplicationTests Line:61  - Started InterviewCodeApplicationTests in 1.7 seconds (JVM running for 2.565)
2023-12-11 16:56:01.778 INFO  --- [main] com.zaxxer.hikari.HikariDataSource Line:110 - HikariPool-1 - Starting...
2023-12-11 16:56:03.690 INFO  --- [main] com.zaxxer.hikari.HikariDataSource Line:123 - HikariPool-1 - Start completed.
2023-12-11 16:56:03.750 INFO  --- [SpringApplicationShutdownHook] com.zaxxer.hikari.HikariDataSource Line:350 - HikariPool-1 - Shutdown initiated...
2023-12-11 16:56:03.753 INFO  --- [SpringApplicationShutdownHook] com.zaxxer.hikari.HikariDataSource Line:352 - HikariPool-1 - Shutdown completed.
2023-12-11 16:57:50.008 INFO  --- [main] com.fanlian.interviewcode.InterviewCodeApplicationTests Line:55  - Starting InterviewCodeApplicationTests using Java 1.8.0_301 on DESKTOP-HPV2FFG with PID 24532 (started by FanLian in J:\SpringBootDemo\InterviewCode)
2023-12-11 16:57:50.011 INFO  --- [main] com.fanlian.interviewcode.InterviewCodeApplicationTests Line:634 - No active profile set, falling back to 1 default profile: "default"
2023-12-11 16:57:51.404 INFO  --- [main] com.fanlian.interviewcode.InterviewCodeApplicationTests Line:61  - Started InterviewCodeApplicationTests in 1.672 seconds (JVM running for 2.535)
2023-12-11 16:57:51.612 INFO  --- [main] com.zaxxer.hikari.HikariDataSource Line:110 - HikariPool-1 - Starting...
2023-12-11 16:57:53.557 INFO  --- [main] com.zaxxer.hikari.HikariDataSource Line:123 - HikariPool-1 - Start completed.
2023-12-11 16:57:53.606 INFO  --- [SpringApplicationShutdownHook] com.zaxxer.hikari.HikariDataSource Line:350 - HikariPool-1 - Shutdown initiated...
2023-12-11 16:57:53.608 INFO  --- [SpringApplicationShutdownHook] com.zaxxer.hikari.HikariDataSource Line:352 - HikariPool-1 - Shutdown completed.
2023-12-11 16:58:43.848 INFO  --- [main] com.fanlian.interviewcode.InterviewCodeApplicationTests Line:55  - Starting InterviewCodeApplicationTests using Java 1.8.0_301 on DESKTOP-HPV2FFG with PID 26100 (started by FanLian in J:\SpringBootDemo\InterviewCode)
2023-12-11 16:58:43.850 INFO  --- [main] com.fanlian.interviewcode.InterviewCodeApplicationTests Line:634 - No active profile set, falling back to 1 default profile: "default"
2023-12-11 16:58:45.263 INFO  --- [main] com.fanlian.interviewcode.InterviewCodeApplicationTests Line:61  - Started InterviewCodeApplicationTests in 1.691 seconds (JVM running for 2.562)
2023-12-11 16:58:45.466 INFO  --- [main] com.zaxxer.hikari.HikariDataSource Line:110 - HikariPool-1 - Starting...
2023-12-11 16:58:47.396 INFO  --- [main] com.zaxxer.hikari.HikariDataSource Line:123 - HikariPool-1 - Start completed.
2023-12-11 16:58:47.438 INFO  --- [SpringApplicationShutdownHook] com.zaxxer.hikari.HikariDataSource Line:350 - HikariPool-1 - Shutdown initiated...
2023-12-11 16:58:47.440 INFO  --- [SpringApplicationShutdownHook] com.zaxxer.hikari.HikariDataSource Line:352 - HikariPool-1 - Shutdown completed.
2023-12-11 16:59:41.569 INFO  --- [main] com.fanlian.interviewcode.InterviewCodeApplicationTests Line:55  - Starting InterviewCodeApplicationTests using Java 1.8.0_301 on DESKTOP-HPV2FFG with PID 21192 (started by FanLian in J:\SpringBootDemo\InterviewCode)
2023-12-11 16:59:41.572 INFO  --- [main] com.fanlian.interviewcode.InterviewCodeApplicationTests Line:634 - No active profile set, falling back to 1 default profile: "default"
2023-12-11 16:59:42.999 INFO  --- [main] com.fanlian.interviewcode.InterviewCodeApplicationTests Line:61  - Started InterviewCodeApplicationTests in 1.71 seconds (JVM running for 2.56)
2023-12-11 16:59:43.214 INFO  --- [main] com.zaxxer.hikari.HikariDataSource Line:110 - HikariPool-1 - Starting...
2023-12-11 16:59:45.154 INFO  --- [main] com.zaxxer.hikari.HikariDataSource Line:123 - HikariPool-1 - Start completed.
2023-12-11 16:59:45.195 INFO  --- [SpringApplicationShutdownHook] com.zaxxer.hikari.HikariDataSource Line:350 - HikariPool-1 - Shutdown initiated...
2023-12-11 16:59:45.197 INFO  --- [SpringApplicationShutdownHook] com.zaxxer.hikari.HikariDataSource Line:352 - HikariPool-1 - Shutdown completed.
2023-12-11 17:00:56.611 INFO  --- [main] com.fanlian.interviewcode.InterviewCodeApplicationTests Line:55  - Starting InterviewCodeApplicationTests using Java 1.8.0_301 on DESKTOP-HPV2FFG with PID 22824 (started by FanLian in J:\SpringBootDemo\InterviewCode)
2023-12-11 17:00:56.614 INFO  --- [main] com.fanlian.interviewcode.InterviewCodeApplicationTests Line:634 - No active profile set, falling back to 1 default profile: "default"
2023-12-11 17:00:58.016 INFO  --- [main] com.fanlian.interviewcode.InterviewCodeApplicationTests Line:61  - Started InterviewCodeApplicationTests in 1.669 seconds (JVM running for 2.539)
2023-12-11 17:00:58.229 INFO  --- [main] com.zaxxer.hikari.HikariDataSource Line:110 - HikariPool-1 - Starting...
2023-12-11 17:01:00.142 INFO  --- [main] com.zaxxer.hikari.HikariDataSource Line:123 - HikariPool-1 - Start completed.
2023-12-11 17:01:00.184 INFO  --- [SpringApplicationShutdownHook] com.zaxxer.hikari.HikariDataSource Line:350 - HikariPool-1 - Shutdown initiated...
2023-12-11 17:01:00.186 INFO  --- [SpringApplicationShutdownHook] com.zaxxer.hikari.HikariDataSource Line:352 - HikariPool-1 - Shutdown completed.
2023-12-11 17:02:06.263 INFO  --- [main] com.fanlian.interviewcode.InterviewCodeApplicationTests Line:55  - Starting InterviewCodeApplicationTests using Java 1.8.0_301 on DESKTOP-HPV2FFG with PID 17492 (started by FanLian in J:\SpringBootDemo\InterviewCode)
2023-12-11 17:02:06.266 INFO  --- [main] com.fanlian.interviewcode.InterviewCodeApplicationTests Line:634 - No active profile set, falling back to 1 default profile: "default"
2023-12-11 17:02:07.670 INFO  --- [main] com.fanlian.interviewcode.InterviewCodeApplicationTests Line:61  - Started InterviewCodeApplicationTests in 1.675 seconds (JVM running for 2.522)
2023-12-11 17:02:07.881 INFO  --- [main] com.zaxxer.hikari.HikariDataSource Line:110 - HikariPool-1 - Starting...
2023-12-11 17:02:09.804 INFO  --- [main] com.zaxxer.hikari.HikariDataSource Line:123 - HikariPool-1 - Start completed.
2023-12-11 17:02:09.847 INFO  --- [SpringApplicationShutdownHook] com.zaxxer.hikari.HikariDataSource Line:350 - HikariPool-1 - Shutdown initiated...
2023-12-11 17:02:09.849 INFO  --- [SpringApplicationShutdownHook] com.zaxxer.hikari.HikariDataSource Line:352 - HikariPool-1 - Shutdown completed.
2023-12-11 17:05:19.719 INFO  --- [main] com.fanlian.interviewcode.InterviewCodeApplicationTests Line:55  - Starting InterviewCodeApplicationTests using Java 1.8.0_301 on DESKTOP-HPV2FFG with PID 21816 (started by FanLian in J:\SpringBootDemo\InterviewCode)
2023-12-11 17:05:19.721 INFO  --- [main] com.fanlian.interviewcode.InterviewCodeApplicationTests Line:634 - No active profile set, falling back to 1 default profile: "default"
2023-12-11 17:05:21.124 INFO  --- [main] com.fanlian.interviewcode.InterviewCodeApplicationTests Line:61  - Started InterviewCodeApplicationTests in 1.682 seconds (JVM running for 2.559)
2023-12-11 17:05:21.337 INFO  --- [main] com.zaxxer.hikari.HikariDataSource Line:110 - HikariPool-1 - Starting...
2023-12-11 17:05:23.276 INFO  --- [main] com.zaxxer.hikari.HikariDataSource Line:123 - HikariPool-1 - Start completed.
2023-12-11 17:05:23.318 INFO  --- [SpringApplicationShutdownHook] com.zaxxer.hikari.HikariDataSource Line:350 - HikariPool-1 - Shutdown initiated...
2023-12-11 17:05:23.320 INFO  --- [SpringApplicationShutdownHook] com.zaxxer.hikari.HikariDataSource Line:352 - HikariPool-1 - Shutdown completed.
2023-12-11 17:09:48.765 INFO  --- [main] com.fanlian.interviewcode.InterviewCodeApplicationTests Line:55  - Starting InterviewCodeApplicationTests using Java 1.8.0_301 on DESKTOP-HPV2FFG with PID 22464 (started by FanLian in J:\SpringBootDemo\InterviewCode)
2023-12-11 17:09:48.768 INFO  --- [main] com.fanlian.interviewcode.InterviewCodeApplicationTests Line:634 - No active profile set, falling back to 1 default profile: "default"
2023-12-11 17:09:50.182 INFO  --- [main] com.fanlian.interviewcode.InterviewCodeApplicationTests Line:61  - Started InterviewCodeApplicationTests in 1.68 seconds (JVM running for 2.541)
2023-12-11 17:12:42.636 INFO  --- [main] com.fanlian.interviewcode.InterviewCodeApplicationTests Line:55  - Starting InterviewCodeApplicationTests using Java 1.8.0_301 on DESKTOP-HPV2FFG with PID 26124 (started by FanLian in J:\SpringBootDemo\InterviewCode)
2023-12-11 17:12:42.638 INFO  --- [main] com.fanlian.interviewcode.InterviewCodeApplicationTests Line:634 - No active profile set, falling back to 1 default profile: "default"
2023-12-11 17:12:44.042 INFO  --- [main] com.fanlian.interviewcode.InterviewCodeApplicationTests Line:61  - Started InterviewCodeApplicationTests in 1.671 seconds (JVM running for 2.576)
2023-12-11 17:12:44.238 INFO  --- [main] com.zaxxer.hikari.HikariDataSource Line:110 - HikariPool-1 - Starting...
2023-12-11 17:12:46.166 INFO  --- [main] com.zaxxer.hikari.HikariDataSource Line:123 - HikariPool-1 - Start completed.
2023-12-11 17:12:46.206 INFO  --- [SpringApplicationShutdownHook] com.zaxxer.hikari.HikariDataSource Line:350 - HikariPool-1 - Shutdown initiated...
2023-12-11 17:12:46.209 INFO  --- [SpringApplicationShutdownHook] com.zaxxer.hikari.HikariDataSource Line:352 - HikariPool-1 - Shutdown completed.
2023-12-11 17:13:30.385 INFO  --- [main] com.fanlian.interviewcode.InterviewCodeApplicationTests Line:55  - Starting InterviewCodeApplicationTests using Java 1.8.0_301 on DESKTOP-HPV2FFG with PID 25276 (started by FanLian in J:\SpringBootDemo\InterviewCode)
2023-12-11 17:13:30.388 INFO  --- [main] com.fanlian.interviewcode.InterviewCodeApplicationTests Line:634 - No active profile set, falling back to 1 default profile: "default"
2023-12-11 17:13:31.846 INFO  --- [main] com.fanlian.interviewcode.InterviewCodeApplicationTests Line:61  - Started InterviewCodeApplicationTests in 1.723 seconds (JVM running for 2.631)
2023-12-11 17:13:32.067 INFO  --- [main] com.zaxxer.hikari.HikariDataSource Line:110 - HikariPool-1 - Starting...
2023-12-11 17:13:33.975 INFO  --- [main] com.zaxxer.hikari.HikariDataSource Line:123 - HikariPool-1 - Start completed.
2023-12-11 17:13:34.015 INFO  --- [SpringApplicationShutdownHook] com.zaxxer.hikari.HikariDataSource Line:350 - HikariPool-1 - Shutdown initiated...
2023-12-11 17:13:34.018 INFO  --- [SpringApplicationShutdownHook] com.zaxxer.hikari.HikariDataSource Line:352 - HikariPool-1 - Shutdown completed.
2023-12-11 17:14:10.994 INFO  --- [main] com.fanlian.interviewcode.InterviewCodeApplicationTests Line:55  - Starting InterviewCodeApplicationTests using Java 1.8.0_301 on DESKTOP-HPV2FFG with PID 27256 (started by FanLian in J:\SpringBootDemo\InterviewCode)
2023-12-11 17:14:10.997 INFO  --- [main] com.fanlian.interviewcode.InterviewCodeApplicationTests Line:634 - No active profile set, falling back to 1 default profile: "default"
2023-12-11 17:14:12.442 INFO  --- [main] com.fanlian.interviewcode.InterviewCodeApplicationTests Line:61  - Started InterviewCodeApplicationTests in 1.713 seconds (JVM running for 2.555)
2023-12-11 17:14:12.645 INFO  --- [main] com.zaxxer.hikari.HikariDataSource Line:110 - HikariPool-1 - Starting...
2023-12-11 17:14:14.571 INFO  --- [main] com.zaxxer.hikari.HikariDataSource Line:123 - HikariPool-1 - Start completed.
2023-12-11 17:14:14.611 INFO  --- [SpringApplicationShutdownHook] com.zaxxer.hikari.HikariDataSource Line:350 - HikariPool-1 - Shutdown initiated...
2023-12-11 17:14:14.614 INFO  --- [SpringApplicationShutdownHook] com.zaxxer.hikari.HikariDataSource Line:352 - HikariPool-1 - Shutdown completed.
2023-12-11 17:16:32.598 INFO  --- [main] com.fanlian.interviewcode.InterviewCodeApplicationTests Line:55  - Starting InterviewCodeApplicationTests using Java 1.8.0_301 on DESKTOP-HPV2FFG with PID 27816 (started by FanLian in J:\SpringBootDemo\InterviewCode)
2023-12-11 17:16:32.601 INFO  --- [main] com.fanlian.interviewcode.InterviewCodeApplicationTests Line:634 - No active profile set, falling back to 1 default profile: "default"
2023-12-11 17:16:33.971 INFO  --- [main] com.fanlian.interviewcode.InterviewCodeApplicationTests Line:61  - Started InterviewCodeApplicationTests in 1.628 seconds (JVM running for 2.473)
2023-12-11 17:16:34.176 INFO  --- [main] com.zaxxer.hikari.HikariDataSource Line:110 - HikariPool-1 - Starting...
2023-12-11 17:16:36.097 INFO  --- [main] com.zaxxer.hikari.HikariDataSource Line:123 - HikariPool-1 - Start completed.
2023-12-11 17:16:36.137 INFO  --- [SpringApplicationShutdownHook] com.zaxxer.hikari.HikariDataSource Line:350 - HikariPool-1 - Shutdown initiated...
2023-12-11 17:16:36.140 INFO  --- [SpringApplicationShutdownHook] com.zaxxer.hikari.HikariDataSource Line:352 - HikariPool-1 - Shutdown completed.
2023-12-11 17:20:31.886 INFO  --- [main] com.fanlian.interviewcode.InterviewCodeApplicationTests Line:55  - Starting InterviewCodeApplicationTests using Java 1.8.0_301 on DESKTOP-HPV2FFG with PID 25980 (started by FanLian in J:\SpringBootDemo\InterviewCode)
2023-12-11 17:20:31.888 INFO  --- [main] com.fanlian.interviewcode.InterviewCodeApplicationTests Line:634 - No active profile set, falling back to 1 default profile: "default"
2023-12-11 17:20:33.354 INFO  --- [main] com.fanlian.interviewcode.InterviewCodeApplicationTests Line:61  - Started InterviewCodeApplicationTests in 1.739 seconds (JVM running for 2.658)
2023-12-11 17:20:33.569 INFO  --- [main] com.zaxxer.hikari.HikariDataSource Line:110 - HikariPool-1 - Starting...
2023-12-11 17:20:35.487 INFO  --- [main] com.zaxxer.hikari.HikariDataSource Line:123 - HikariPool-1 - Start completed.
2023-12-11 17:20:35.532 INFO  --- [SpringApplicationShutdownHook] com.zaxxer.hikari.HikariDataSource Line:350 - HikariPool-1 - Shutdown initiated...
2023-12-11 17:20:35.535 INFO  --- [SpringApplicationShutdownHook] com.zaxxer.hikari.HikariDataSource Line:352 - HikariPool-1 - Shutdown completed.
2023-12-11 17:22:48.433 INFO  --- [main] com.fanlian.interviewcode.InterviewCodeApplicationTests Line:55  - Starting InterviewCodeApplicationTests using Java 1.8.0_301 on DESKTOP-HPV2FFG with PID 27620 (started by FanLian in J:\SpringBootDemo\InterviewCode)
2023-12-11 17:22:48.435 INFO  --- [main] com.fanlian.interviewcode.InterviewCodeApplicationTests Line:634 - No active profile set, falling back to 1 default profile: "default"
2023-12-11 17:22:49.843 INFO  --- [main] com.fanlian.interviewcode.InterviewCodeApplicationTests Line:61  - Started InterviewCodeApplicationTests in 1.665 seconds (JVM running for 2.518)
2023-12-11 17:27:00.756 INFO  --- [main] com.fanlian.interviewcode.InterviewCodeApplicationTests Line:55  - Starting InterviewCodeApplicationTests using Java 1.8.0_301 on DESKTOP-HPV2FFG with PID 27688 (started by FanLian in J:\SpringBootDemo\InterviewCode)
2023-12-11 17:27:00.758 INFO  --- [main] com.fanlian.interviewcode.InterviewCodeApplicationTests Line:634 - No active profile set, falling back to 1 default profile: "default"
2023-12-11 17:27:02.164 INFO  --- [main] com.fanlian.interviewcode.InterviewCodeApplicationTests Line:61  - Started InterviewCodeApplicationTests in 1.674 seconds (JVM running for 2.538)
2023-12-11 17:27:02.362 INFO  --- [main] com.zaxxer.hikari.HikariDataSource Line:110 - HikariPool-1 - Starting...
2023-12-11 17:27:04.282 INFO  --- [main] com.zaxxer.hikari.HikariDataSource Line:123 - HikariPool-1 - Start completed.
2023-12-11 17:27:04.347 INFO  --- [SpringApplicationShutdownHook] com.zaxxer.hikari.HikariDataSource Line:350 - HikariPool-1 - Shutdown initiated...
2023-12-11 17:27:04.350 INFO  --- [SpringApplicationShutdownHook] com.zaxxer.hikari.HikariDataSource Line:352 - HikariPool-1 - Shutdown completed.
2023-12-11 17:27:50.544 INFO  --- [main] com.fanlian.interviewcode.InterviewCodeApplicationTests Line:55  - Starting InterviewCodeApplicationTests using Java 1.8.0_301 on DESKTOP-HPV2FFG with PID 17792 (started by FanLian in J:\SpringBootDemo\InterviewCode)
2023-12-11 17:27:50.546 INFO  --- [main] com.fanlian.interviewcode.InterviewCodeApplicationTests Line:634 - No active profile set, falling back to 1 default profile: "default"
2023-12-11 17:27:51.965 INFO  --- [main] com.fanlian.interviewcode.InterviewCodeApplicationTests Line:61  - Started InterviewCodeApplicationTests in 1.689 seconds (JVM running for 2.547)
2023-12-11 17:27:52.182 INFO  --- [main] com.zaxxer.hikari.HikariDataSource Line:110 - HikariPool-1 - Starting...
2023-12-11 17:27:54.089 INFO  --- [main] com.zaxxer.hikari.HikariDataSource Line:123 - HikariPool-1 - Start completed.
2023-12-11 17:27:54.136 INFO  --- [SpringApplicationShutdownHook] com.zaxxer.hikari.HikariDataSource Line:350 - HikariPool-1 - Shutdown initiated...
2023-12-11 17:27:54.139 INFO  --- [SpringApplicationShutdownHook] com.zaxxer.hikari.HikariDataSource Line:352 - HikariPool-1 - Shutdown completed.
2023-12-11 17:36:59.367 INFO  --- [main] com.fanlian.interviewcode.InterviewCodeApplicationTests Line:55  - Starting InterviewCodeApplicationTests using Java 1.8.0_301 on DESKTOP-HPV2FFG with PID 26860 (started by FanLian in J:\SpringBootDemo\InterviewCode)
2023-12-11 17:36:59.370 INFO  --- [main] com.fanlian.interviewcode.InterviewCodeApplicationTests Line:634 - No active profile set, falling back to 1 default profile: "default"
2023-12-11 17:37:00.772 INFO  --- [main] com.fanlian.interviewcode.InterviewCodeApplicationTests Line:61  - Started InterviewCodeApplicationTests in 1.671 seconds (JVM running for 2.53)
2023-12-11 17:37:00.969 INFO  --- [main] com.zaxxer.hikari.HikariDataSource Line:110 - HikariPool-1 - Starting...
2023-12-11 17:37:02.892 INFO  --- [main] com.zaxxer.hikari.HikariDataSource Line:123 - HikariPool-1 - Start completed.
2023-12-11 17:37:02.933 INFO  --- [SpringApplicationShutdownHook] com.zaxxer.hikari.HikariDataSource Line:350 - HikariPool-1 - Shutdown initiated...
2023-12-11 17:37:02.936 INFO  --- [SpringApplicationShutdownHook] com.zaxxer.hikari.HikariDataSource Line:352 - HikariPool-1 - Shutdown completed.
2023-12-11 17:37:54.709 INFO  --- [main] com.fanlian.interviewcode.InterviewCodeApplicationTests Line:55  - Starting InterviewCodeApplicationTests using Java 1.8.0_301 on DESKTOP-HPV2FFG with PID 28020 (started by FanLian in J:\SpringBootDemo\InterviewCode)
2023-12-11 17:37:54.712 INFO  --- [main] com.fanlian.interviewcode.InterviewCodeApplicationTests Line:634 - No active profile set, falling back to 1 default profile: "default"
2023-12-11 17:37:56.115 INFO  --- [main] com.fanlian.interviewcode.InterviewCodeApplicationTests Line:61  - Started InterviewCodeApplicationTests in 1.673 seconds (JVM running for 2.517)
2023-12-11 17:37:56.316 INFO  --- [main] com.zaxxer.hikari.HikariDataSource Line:110 - HikariPool-1 - Starting...
2023-12-11 17:37:58.230 INFO  --- [main] com.zaxxer.hikari.HikariDataSource Line:123 - HikariPool-1 - Start completed.
2023-12-11 17:37:58.271 INFO  --- [SpringApplicationShutdownHook] com.zaxxer.hikari.HikariDataSource Line:350 - HikariPool-1 - Shutdown initiated...
2023-12-11 17:37:58.274 INFO  --- [SpringApplicationShutdownHook] com.zaxxer.hikari.HikariDataSource Line:352 - HikariPool-1 - Shutdown completed.
2023-12-11 17:39:19.626 INFO  --- [main] com.fanlian.interviewcode.InterviewCodeApplicationTests Line:55  - Starting InterviewCodeApplicationTests using Java 1.8.0_301 on DESKTOP-HPV2FFG with PID 26712 (started by FanLian in J:\SpringBootDemo\InterviewCode)
2023-12-11 17:39:19.628 INFO  --- [main] com.fanlian.interviewcode.InterviewCodeApplicationTests Line:634 - No active profile set, falling back to 1 default profile: "default"
2023-12-11 17:39:21.059 INFO  --- [main] com.fanlian.interviewcode.InterviewCodeApplicationTests Line:61  - Started InterviewCodeApplicationTests in 1.711 seconds (JVM running for 2.58)
2023-12-11 17:39:21.262 INFO  --- [main] com.zaxxer.hikari.HikariDataSource Line:110 - HikariPool-1 - Starting...
2023-12-11 17:39:23.181 INFO  --- [main] com.zaxxer.hikari.HikariDataSource Line:123 - HikariPool-1 - Start completed.
2023-12-11 17:39:23.222 INFO  --- [SpringApplicationShutdownHook] com.zaxxer.hikari.HikariDataSource Line:350 - HikariPool-1 - Shutdown initiated...
2023-12-11 17:39:23.225 INFO  --- [SpringApplicationShutdownHook] com.zaxxer.hikari.HikariDataSource Line:352 - HikariPool-1 - Shutdown completed.
2023-12-11 17:39:59.019 INFO  --- [main] com.fanlian.interviewcode.InterviewCodeApplicationTests Line:55  - Starting InterviewCodeApplicationTests using Java 1.8.0_301 on DESKTOP-HPV2FFG with PID 28304 (started by FanLian in J:\SpringBootDemo\InterviewCode)
2023-12-11 17:39:59.021 INFO  --- [main] com.fanlian.interviewcode.InterviewCodeApplicationTests Line:634 - No active profile set, falling back to 1 default profile: "default"
2023-12-11 17:40:00.421 INFO  --- [main] com.fanlian.interviewcode.InterviewCodeApplicationTests Line:61  - Started InterviewCodeApplicationTests in 1.674 seconds (JVM running for 2.547)
2023-12-11 17:40:00.629 INFO  --- [main] com.zaxxer.hikari.HikariDataSource Line:110 - HikariPool-1 - Starting...
2023-12-11 17:40:02.586 INFO  --- [main] com.zaxxer.hikari.HikariDataSource Line:123 - HikariPool-1 - Start completed.
2023-12-11 17:40:02.629 INFO  --- [SpringApplicationShutdownHook] com.zaxxer.hikari.HikariDataSource Line:350 - HikariPool-1 - Shutdown initiated...
2023-12-11 17:40:02.632 INFO  --- [SpringApplicationShutdownHook] com.zaxxer.hikari.HikariDataSource Line:352 - HikariPool-1 - Shutdown completed.
2023-12-11 17:41:36.038 INFO  --- [main] com.fanlian.interviewcode.InterviewCodeApplicationTests Line:55  - Starting InterviewCodeApplicationTests using Java 1.8.0_301 on DESKTOP-HPV2FFG with PID 28448 (started by FanLian in J:\SpringBootDemo\InterviewCode)
2023-12-11 17:41:36.041 INFO  --- [main] com.fanlian.interviewcode.InterviewCodeApplicationTests Line:634 - No active profile set, falling back to 1 default profile: "default"
2023-12-11 17:41:37.465 INFO  --- [main] com.fanlian.interviewcode.InterviewCodeApplicationTests Line:61  - Started InterviewCodeApplicationTests in 1.69 seconds (JVM running for 2.55)
2023-12-11 17:41:37.666 INFO  --- [main] com.zaxxer.hikari.HikariDataSource Line:110 - HikariPool-1 - Starting...
2023-12-11 17:41:39.576 INFO  --- [main] com.zaxxer.hikari.HikariDataSource Line:123 - HikariPool-1 - Start completed.
2023-12-11 17:41:39.629 INFO  --- [SpringApplicationShutdownHook] com.zaxxer.hikari.HikariDataSource Line:350 - HikariPool-1 - Shutdown initiated...
2023-12-11 17:41:39.634 INFO  --- [SpringApplicationShutdownHook] com.zaxxer.hikari.HikariDataSource Line:352 - HikariPool-1 - Shutdown completed.
2023-12-11 17:50:12.609 INFO  --- [main] com.fanlian.interviewcode.InterviewCodeApplicationTests Line:55  - Starting InterviewCodeApplicationTests using Java 1.8.0_301 on DESKTOP-HPV2FFG with PID 27760 (started by FanLian in J:\SpringBootDemo\InterviewCode)
2023-12-11 17:50:12.611 INFO  --- [main] com.fanlian.interviewcode.InterviewCodeApplicationTests Line:634 - No active profile set, falling back to 1 default profile: "default"
2023-12-11 17:50:13.992 INFO  --- [main] com.fanlian.interviewcode.InterviewCodeApplicationTests Line:61  - Started InterviewCodeApplicationTests in 1.663 seconds (JVM running for 2.54)
2023-12-11 17:50:14.183 INFO  --- [main] com.zaxxer.hikari.HikariDataSource Line:110 - HikariPool-1 - Starting...
2023-12-11 17:50:16.087 INFO  --- [main] com.zaxxer.hikari.HikariDataSource Line:123 - HikariPool-1 - Start completed.
2023-12-11 17:50:16.147 INFO  --- [SpringApplicationShutdownHook] com.zaxxer.hikari.HikariDataSource Line:350 - HikariPool-1 - Shutdown initiated...
2023-12-11 17:50:16.150 INFO  --- [SpringApplicationShutdownHook] com.zaxxer.hikari.HikariDataSource Line:352 - HikariPool-1 - Shutdown completed.
2023-12-11 18:07:05.192 INFO  --- [main] com.fanlian.interviewcode.InterviewCodeApplicationTests Line:55  - Starting InterviewCodeApplicationTests using Java 1.8.0_301 on DESKTOP-HPV2FFG with PID 19112 (started by FanLian in J:\SpringBootDemo\InterviewCode)
2023-12-11 18:07:05.194 INFO  --- [main] com.fanlian.interviewcode.InterviewCodeApplicationTests Line:634 - No active profile set, falling back to 1 default profile: "default"
2023-12-11 18:07:06.622 INFO  --- [main] com.fanlian.interviewcode.InterviewCodeApplicationTests Line:61  - Started InterviewCodeApplicationTests in 1.706 seconds (JVM running for 2.606)
2023-12-11 18:07:06.817 INFO  --- [main] com.zaxxer.hikari.HikariDataSource Line:110 - HikariPool-1 - Starting...
2023-12-11 18:07:08.745 INFO  --- [main] com.zaxxer.hikari.HikariDataSource Line:123 - HikariPool-1 - Start completed.
2023-12-11 18:07:08.804 INFO  --- [SpringApplicationShutdownHook] com.zaxxer.hikari.HikariDataSource Line:350 - HikariPool-1 - Shutdown initiated...
2023-12-11 18:07:08.807 INFO  --- [SpringApplicationShutdownHook] com.zaxxer.hikari.HikariDataSource Line:352 - HikariPool-1 - Shutdown completed.
2023-12-11 18:17:23.376 INFO  --- [main] com.fanlian.interviewcode.InterviewCodeApplicationTests Line:55  - Starting InterviewCodeApplicationTests using Java 1.8.0_301 on DESKTOP-HPV2FFG with PID 28264 (started by FanLian in J:\SpringBootDemo\InterviewCode)
2023-12-11 18:17:23.379 INFO  --- [main] com.fanlian.interviewcode.InterviewCodeApplicationTests Line:634 - No active profile set, falling back to 1 default profile: "default"
2023-12-11 18:17:24.777 INFO  --- [main] com.fanlian.interviewcode.InterviewCodeApplicationTests Line:61  - Started InterviewCodeApplicationTests in 1.676 seconds (JVM running for 2.581)
2023-12-11 18:17:24.968 INFO  --- [main] com.zaxxer.hikari.HikariDataSource Line:110 - HikariPool-1 - Starting...
2023-12-11 18:17:26.881 INFO  --- [main] com.zaxxer.hikari.HikariDataSource Line:123 - HikariPool-1 - Start completed.
2023-12-11 18:17:26.963 INFO  --- [SpringApplicationShutdownHook] com.zaxxer.hikari.HikariDataSource Line:350 - HikariPool-1 - Shutdown initiated...
2023-12-11 18:17:26.966 INFO  --- [SpringApplicationShutdownHook] com.zaxxer.hikari.HikariDataSource Line:352 - HikariPool-1 - Shutdown completed.
2023-12-11 18:19:28.568 INFO  --- [main] com.fanlian.interviewcode.InterviewCodeApplicationTests Line:55  - Starting InterviewCodeApplicationTests using Java 1.8.0_301 on DESKTOP-HPV2FFG with PID 28504 (started by FanLian in J:\SpringBootDemo\InterviewCode)
2023-12-11 18:19:28.570 INFO  --- [main] com.fanlian.interviewcode.InterviewCodeApplicationTests Line:634 - No active profile set, falling back to 1 default profile: "default"
2023-12-11 18:19:29.956 INFO  --- [main] com.fanlian.interviewcode.InterviewCodeApplicationTests Line:61  - Started InterviewCodeApplicationTests in 1.659 seconds (JVM running for 2.564)
2023-12-11 18:19:30.150 INFO  --- [main] com.zaxxer.hikari.HikariDataSource Line:110 - HikariPool-1 - Starting...
2023-12-11 18:19:32.078 INFO  --- [main] com.zaxxer.hikari.HikariDataSource Line:123 - HikariPool-1 - Start completed.
2023-12-11 18:19:32.137 INFO  --- [SpringApplicationShutdownHook] com.zaxxer.hikari.HikariDataSource Line:350 - HikariPool-1 - Shutdown initiated...
2023-12-11 18:19:32.140 INFO  --- [SpringApplicationShutdownHook] com.zaxxer.hikari.HikariDataSource Line:352 - HikariPool-1 - Shutdown completed.
2023-12-11 18:35:03.258 INFO  --- [main] com.fanlian.interviewcode.InterviewCodeApplicationTests Line:55  - Starting InterviewCodeApplicationTests using Java 1.8.0_301 on DESKTOP-HPV2FFG with PID 22156 (started by FanLian in J:\SpringBootDemo\InterviewCode)
2023-12-11 18:35:03.261 INFO  --- [main] com.fanlian.interviewcode.InterviewCodeApplicationTests Line:634 - No active profile set, falling back to 1 default profile: "default"
2023-12-11 18:35:04.652 INFO  --- [main] com.fanlian.interviewcode.InterviewCodeApplicationTests Line:61  - Started InterviewCodeApplicationTests in 1.673 seconds (JVM running for 2.558)
2023-12-11 18:35:04.856 INFO  --- [main] com.zaxxer.hikari.HikariDataSource Line:110 - HikariPool-1 - Starting...
2023-12-11 18:35:06.762 INFO  --- [main] com.zaxxer.hikari.HikariDataSource Line:123 - HikariPool-1 - Start completed.
2023-12-11 18:35:06.862 INFO  --- [SpringApplicationShutdownHook] com.zaxxer.hikari.HikariDataSource Line:350 - HikariPool-1 - Shutdown initiated...
2023-12-11 18:35:06.864 INFO  --- [SpringApplicationShutdownHook] com.zaxxer.hikari.HikariDataSource Line:352 - HikariPool-1 - Shutdown completed.
2023-12-11 18:35:49.119 INFO  --- [main] com.fanlian.interviewcode.InterviewCodeApplicationTests Line:55  - Starting InterviewCodeApplicationTests using Java 1.8.0_301 on DESKTOP-HPV2FFG with PID 28072 (started by FanLian in J:\SpringBootDemo\InterviewCode)
2023-12-11 18:35:49.122 INFO  --- [main] com.fanlian.interviewcode.InterviewCodeApplicationTests Line:634 - No active profile set, falling back to 1 default profile: "default"
2023-12-11 18:35:50.577 INFO  --- [main] com.fanlian.interviewcode.InterviewCodeApplicationTests Line:61  - Started InterviewCodeApplicationTests in 1.732 seconds (JVM running for 2.602)
2023-12-11 18:35:50.789 INFO  --- [main] com.zaxxer.hikari.HikariDataSource Line:110 - HikariPool-1 - Starting...
2023-12-11 18:35:52.727 INFO  --- [main] com.zaxxer.hikari.HikariDataSource Line:123 - HikariPool-1 - Start completed.
2023-12-11 18:35:52.795 INFO  --- [SpringApplicationShutdownHook] com.zaxxer.hikari.HikariDataSource Line:350 - HikariPool-1 - Shutdown initiated...
2023-12-11 18:35:52.797 INFO  --- [SpringApplicationShutdownHook] com.zaxxer.hikari.HikariDataSource Line:352 - HikariPool-1 - Shutdown completed.
2023-12-11 19:01:32.836 INFO  --- [SpringApplicationShutdownHook] com.zaxxer.hikari.HikariDataSource Line:350 - HikariPool-1 - Shutdown initiated...
2023-12-11 19:01:32.841 INFO  --- [SpringApplicationShutdownHook] com.zaxxer.hikari.HikariDataSource Line:352 - HikariPool-1 - Shutdown completed.
2023-12-11 21:08:42.629 INFO  --- [main] com.fanlian.interviewcode.InterviewCodeApplicationTests Line:55  - Starting InterviewCodeApplicationTests using Java 1.8.0_301 on DESKTOP-HPV2FFG with PID 28808 (started by FanLian in J:\SpringBootDemo\InterviewCode)
2023-12-11 21:08:42.632 INFO  --- [main] com.fanlian.interviewcode.InterviewCodeApplicationTests Line:634 - No active profile set, falling back to 1 default profile: "default"
2023-12-11 21:10:11.428 INFO  --- [main] com.fanlian.interviewcode.InterviewCodeApplicationTests Line:55  - Starting InterviewCodeApplicationTests using Java 1.8.0_301 on DESKTOP-HPV2FFG with PID 17476 (started by FanLian in J:\SpringBootDemo\InterviewCode)
2023-12-11 21:10:11.431 INFO  --- [main] com.fanlian.interviewcode.InterviewCodeApplicationTests Line:634 - No active profile set, falling back to 1 default profile: "default"
2023-12-11 21:15:14.926 INFO  --- [main] com.fanlian.interviewcode.InterviewCodeApplicationTests Line:55  - Starting InterviewCodeApplicationTests using Java 1.8.0_301 on DESKTOP-HPV2FFG with PID 27292 (started by FanLian in J:\SpringBootDemo\InterviewCode)
2023-12-11 21:15:14.929 INFO  --- [main] com.fanlian.interviewcode.InterviewCodeApplicationTests Line:634 - No active profile set, falling back to 1 default profile: "default"
2023-12-11 21:19:01.097 INFO  --- [main] com.fanlian.interviewcode.InterviewCodeApplicationTests Line:55  - Starting InterviewCodeApplicationTests using Java 1.8.0_301 on DESKTOP-HPV2FFG with PID 27468 (started by FanLian in J:\SpringBootDemo\InterviewCode)
2023-12-11 21:19:01.099 INFO  --- [main] com.fanlian.interviewcode.InterviewCodeApplicationTests Line:634 - No active profile set, falling back to 1 default profile: "default"
2023-12-11 21:20:08.456 INFO  --- [main] com.fanlian.interviewcode.InterviewCodeApplicationTests Line:55  - Starting InterviewCodeApplicationTests using Java 1.8.0_301 on DESKTOP-HPV2FFG with PID 17732 (started by FanLian in J:\SpringBootDemo\InterviewCode)
2023-12-11 21:20:08.459 INFO  --- [main] com.fanlian.interviewcode.InterviewCodeApplicationTests Line:634 - No active profile set, falling back to 1 default profile: "default"
2023-12-11 21:20:09.887 INFO  --- [main] com.fanlian.interviewcode.InterviewCodeApplicationTests Line:61  - Started InterviewCodeApplicationTests in 1.705 seconds (JVM running for 2.581)
2023-12-11 21:20:10.082 INFO  --- [main] com.zaxxer.hikari.HikariDataSource Line:110 - HikariPool-1 - Starting...
2023-12-11 21:20:12.027 INFO  --- [main] com.zaxxer.hikari.HikariDataSource Line:123 - HikariPool-1 - Start completed.
2023-12-11 21:20:12.088 INFO  --- [SpringApplicationShutdownHook] com.zaxxer.hikari.HikariDataSource Line:350 - HikariPool-1 - Shutdown initiated...
2023-12-11 21:20:12.091 INFO  --- [SpringApplicationShutdownHook] com.zaxxer.hikari.HikariDataSource Line:352 - HikariPool-1 - Shutdown completed.
2023-12-11 21:21:37.655 INFO  --- [main] com.fanlian.interviewcode.InterviewCodeApplicationTests Line:55  - Starting InterviewCodeApplicationTests using Java 1.8.0_301 on DESKTOP-HPV2FFG with PID 16352 (started by FanLian in J:\SpringBootDemo\InterviewCode)
2023-12-11 21:21:37.658 INFO  --- [main] com.fanlian.interviewcode.InterviewCodeApplicationTests Line:634 - No active profile set, falling back to 1 default profile: "default"
2023-12-11 21:21:39.033 INFO  --- [main] com.fanlian.interviewcode.InterviewCodeApplicationTests Line:61  - Started InterviewCodeApplicationTests in 1.637 seconds (JVM running for 2.496)
2023-12-11 21:21:39.228 INFO  --- [main] com.zaxxer.hikari.HikariDataSource Line:110 - HikariPool-1 - Starting...
2023-12-11 21:21:41.166 INFO  --- [main] com.zaxxer.hikari.HikariDataSource Line:123 - HikariPool-1 - Start completed.
2023-12-11 21:21:41.226 INFO  --- [SpringApplicationShutdownHook] com.zaxxer.hikari.HikariDataSource Line:350 - HikariPool-1 - Shutdown initiated...
2023-12-11 21:21:41.228 INFO  --- [SpringApplicationShutdownHook] com.zaxxer.hikari.HikariDataSource Line:352 - HikariPool-1 - Shutdown completed.
2023-12-11 21:25:08.078 INFO  --- [main] com.fanlian.interviewcode.InterviewCodeApplicationTests Line:55  - Starting InterviewCodeApplicationTests using Java 1.8.0_301 on DESKTOP-HPV2FFG with PID 21392 (started by FanLian in J:\SpringBootDemo\InterviewCode)
2023-12-11 21:25:08.081 INFO  --- [main] com.fanlian.interviewcode.InterviewCodeApplicationTests Line:634 - No active profile set, falling back to 1 default profile: "default"
2023-12-11 21:25:09.474 INFO  --- [main] com.fanlian.interviewcode.InterviewCodeApplicationTests Line:61  - Started InterviewCodeApplicationTests in 1.663 seconds (JVM running for 2.591)
2023-12-11 21:25:09.671 INFO  --- [main] com.zaxxer.hikari.HikariDataSource Line:110 - HikariPool-1 - Starting...
2023-12-11 21:25:11.596 INFO  --- [main] com.zaxxer.hikari.HikariDataSource Line:123 - HikariPool-1 - Start completed.
2023-12-11 21:25:11.651 INFO  --- [SpringApplicationShutdownHook] com.zaxxer.hikari.HikariDataSource Line:350 - HikariPool-1 - Shutdown initiated...
2023-12-11 21:25:11.654 INFO  --- [SpringApplicationShutdownHook] com.zaxxer.hikari.HikariDataSource Line:352 - HikariPool-1 - Shutdown completed.
2023-12-11 21:27:16.837 INFO  --- [main] com.fanlian.interviewcode.InterviewCodeApplicationTests Line:55  - Starting InterviewCodeApplicationTests using Java 1.8.0_301 on DESKTOP-HPV2FFG with PID 29040 (started by FanLian in J:\SpringBootDemo\InterviewCode)
2023-12-11 21:27:16.839 INFO  --- [main] com.fanlian.interviewcode.InterviewCodeApplicationTests Line:634 - No active profile set, falling back to 1 default profile: "default"
2023-12-11 21:27:18.248 INFO  --- [main] com.fanlian.interviewcode.InterviewCodeApplicationTests Line:61  - Started InterviewCodeApplicationTests in 1.679 seconds (JVM running for 2.622)
2023-12-11 21:27:18.439 INFO  --- [main] com.zaxxer.hikari.HikariDataSource Line:110 - HikariPool-1 - Starting...
2023-12-11 21:27:20.333 INFO  --- [main] com.zaxxer.hikari.HikariDataSource Line:123 - HikariPool-1 - Start completed.
2023-12-11 21:27:20.389 INFO  --- [SpringApplicationShutdownHook] com.zaxxer.hikari.HikariDataSource Line:350 - HikariPool-1 - Shutdown initiated...
2023-12-11 21:27:20.391 INFO  --- [SpringApplicationShutdownHook] com.zaxxer.hikari.HikariDataSource Line:352 - HikariPool-1 - Shutdown completed.
2023-12-11 21:28:48.460 INFO  --- [main] com.fanlian.interviewcode.InterviewCodeApplicationTests Line:55  - Starting InterviewCodeApplicationTests using Java 1.8.0_301 on DESKTOP-HPV2FFG with PID 29432 (started by FanLian in J:\SpringBootDemo\InterviewCode)
2023-12-11 21:28:48.462 INFO  --- [main] com.fanlian.interviewcode.InterviewCodeApplicationTests Line:634 - No active profile set, falling back to 1 default profile: "default"
2023-12-11 21:28:49.837 INFO  --- [main] com.fanlian.interviewcode.InterviewCodeApplicationTests Line:61  - Started InterviewCodeApplicationTests in 1.653 seconds (JVM running for 2.548)
2023-12-11 21:28:50.028 INFO  --- [main] com.zaxxer.hikari.HikariDataSource Line:110 - HikariPool-1 - Starting...
2023-12-11 21:28:51.944 INFO  --- [main] com.zaxxer.hikari.HikariDataSource Line:123 - HikariPool-1 - Start completed.
2023-12-11 21:28:52.001 INFO  --- [SpringApplicationShutdownHook] com.zaxxer.hikari.HikariDataSource Line:350 - HikariPool-1 - Shutdown initiated...
2023-12-11 21:28:52.003 INFO  --- [SpringApplicationShutdownHook] com.zaxxer.hikari.HikariDataSource Line:352 - HikariPool-1 - Shutdown completed.
2023-12-11 22:51:15.024 INFO  --- [main] com.fanlian.interviewcode.InterviewCodeApplicationTests Line:55  - Starting InterviewCodeApplicationTests using Java 1.8.0_301 on DESKTOP-HPV2FFG with PID 4396 (started by FanLian in J:\SpringBootDemo\InterviewCode)
2023-12-11 22:51:15.027 INFO  --- [main] com.fanlian.interviewcode.InterviewCodeApplicationTests Line:634 - No active profile set, falling back to 1 default profile: "default"
2023-12-11 22:51:16.434 INFO  --- [main] com.fanlian.interviewcode.InterviewCodeApplicationTests Line:61  - Started InterviewCodeApplicationTests in 1.676 seconds (JVM running for 2.503)
2023-12-11 22:51:16.655 INFO  --- [main] com.zaxxer.hikari.HikariDataSource Line:110 - HikariPool-1 - Starting...
2023-12-11 22:51:18.567 INFO  --- [main] com.zaxxer.hikari.HikariDataSource Line:123 - HikariPool-1 - Start completed.
2023-12-11 22:51:18.646 INFO  --- [SpringApplicationShutdownHook] com.zaxxer.hikari.HikariDataSource Line:350 - HikariPool-1 - Shutdown initiated...
2023-12-11 22:51:18.649 INFO  --- [SpringApplicationShutdownHook] com.zaxxer.hikari.HikariDataSource Line:352 - HikariPool-1 - Shutdown completed.
2023-12-11 22:54:24.284 INFO  --- [main] com.fanlian.interviewcode.InterviewCodeApplicationTests Line:55  - Starting InterviewCodeApplicationTests using Java 1.8.0_301 on DESKTOP-HPV2FFG with PID 26632 (started by FanLian in J:\SpringBootDemo\InterviewCode)
2023-12-11 22:54:24.286 INFO  --- [main] com.fanlian.interviewcode.InterviewCodeApplicationTests Line:634 - No active profile set, falling back to 1 default profile: "default"
2023-12-11 22:54:25.690 INFO  --- [main] com.fanlian.interviewcode.InterviewCodeApplicationTests Line:61  - Started InterviewCodeApplicationTests in 1.693 seconds (JVM running for 2.582)
2023-12-11 22:54:25.890 INFO  --- [main] com.zaxxer.hikari.HikariDataSource Line:110 - HikariPool-1 - Starting...
2023-12-11 22:54:27.800 INFO  --- [main] com.zaxxer.hikari.HikariDataSource Line:123 - HikariPool-1 - Start completed.
2023-12-11 22:54:27.884 INFO  --- [SpringApplicationShutdownHook] com.zaxxer.hikari.HikariDataSource Line:350 - HikariPool-1 - Shutdown initiated...
2023-12-11 22:54:27.887 INFO  --- [SpringApplicationShutdownHook] com.zaxxer.hikari.HikariDataSource Line:352 - HikariPool-1 - Shutdown completed.
2023-12-11 22:56:29.854 INFO  --- [main] com.fanlian.interviewcode.InterviewCodeApplicationTests Line:55  - Starting InterviewCodeApplicationTests using Java 1.8.0_301 on DESKTOP-HPV2FFG with PID 23220 (started by FanLian in J:\SpringBootDemo\InterviewCode)
2023-12-11 22:56:29.857 INFO  --- [main] com.fanlian.interviewcode.InterviewCodeApplicationTests Line:634 - No active profile set, falling back to 1 default profile: "default"
2023-12-11 22:56:31.250 INFO  --- [main] com.fanlian.interviewcode.InterviewCodeApplicationTests Line:61  - Started InterviewCodeApplicationTests in 1.662 seconds (JVM running for 2.521)
2023-12-11 22:56:31.448 INFO  --- [main] com.zaxxer.hikari.HikariDataSource Line:110 - HikariPool-1 - Starting...
2023-12-11 22:56:33.378 INFO  --- [main] com.zaxxer.hikari.HikariDataSource Line:123 - HikariPool-1 - Start completed.
2023-12-11 22:56:33.461 INFO  --- [SpringApplicationShutdownHook] com.zaxxer.hikari.HikariDataSource Line:350 - HikariPool-1 - Shutdown initiated...
2023-12-11 22:56:33.463 INFO  --- [SpringApplicationShutdownHook] com.zaxxer.hikari.HikariDataSource Line:352 - HikariPool-1 - Shutdown completed.
2023-12-11 22:59:37.825 INFO  --- [main] com.fanlian.interviewcode.InterviewCodeApplicationTests Line:55  - Starting InterviewCodeApplicationTests using Java 1.8.0_301 on DESKTOP-HPV2FFG with PID 19656 (started by FanLian in J:\SpringBootDemo\InterviewCode)
2023-12-11 22:59:37.827 INFO  --- [main] com.fanlian.interviewcode.InterviewCodeApplicationTests Line:634 - No active profile set, falling back to 1 default profile: "default"
2023-12-11 22:59:39.210 INFO  --- [main] com.fanlian.interviewcode.InterviewCodeApplicationTests Line:61  - Started InterviewCodeApplicationTests in 1.653 seconds (JVM running for 2.514)
2023-12-11 22:59:39.417 INFO  --- [main] com.zaxxer.hikari.HikariDataSource Line:110 - HikariPool-1 - Starting...
2023-12-11 22:59:41.359 INFO  --- [main] com.zaxxer.hikari.HikariDataSource Line:123 - HikariPool-1 - Start completed.
2023-12-11 22:59:41.440 INFO  --- [SpringApplicationShutdownHook] com.zaxxer.hikari.HikariDataSource Line:350 - HikariPool-1 - Shutdown initiated...
2023-12-11 22:59:41.442 INFO  --- [SpringApplicationShutdownHook] com.zaxxer.hikari.HikariDataSource Line:352 - HikariPool-1 - Shutdown completed.
2023-12-11 23:03:42.591 INFO  --- [main] com.fanlian.interviewcode.InterviewCodeApplicationTests Line:55  - Starting InterviewCodeApplicationTests using Java 1.8.0_301 on DESKTOP-HPV2FFG with PID 23044 (started by FanLian in J:\SpringBootDemo\InterviewCode)
2023-12-11 23:03:42.594 INFO  --- [main] com.fanlian.interviewcode.InterviewCodeApplicationTests Line:634 - No active profile set, falling back to 1 default profile: "default"
2023-12-11 23:03:44.000 INFO  --- [main] com.fanlian.interviewcode.InterviewCodeApplicationTests Line:61  - Started InterviewCodeApplicationTests in 1.677 seconds (JVM running for 2.535)
2023-12-11 23:03:44.213 INFO  --- [main] com.zaxxer.hikari.HikariDataSource Line:110 - HikariPool-1 - Starting...
2023-12-11 23:03:46.144 INFO  --- [main] com.zaxxer.hikari.HikariDataSource Line:123 - HikariPool-1 - Start completed.
2023-12-11 23:03:46.226 INFO  --- [SpringApplicationShutdownHook] com.zaxxer.hikari.HikariDataSource Line:350 - HikariPool-1 - Shutdown initiated...
2023-12-11 23:03:46.228 INFO  --- [SpringApplicationShutdownHook] com.zaxxer.hikari.HikariDataSource Line:352 - HikariPool-1 - Shutdown completed.
2023-12-11 23:04:30.132 INFO  --- [main] com.fanlian.interviewcode.InterviewCodeApplicationTests Line:55  - Starting InterviewCodeApplicationTests using Java 1.8.0_301 on DESKTOP-HPV2FFG with PID 27660 (started by FanLian in J:\SpringBootDemo\InterviewCode)
2023-12-11 23:04:30.135 INFO  --- [main] com.fanlian.interviewcode.InterviewCodeApplicationTests Line:634 - No active profile set, falling back to 1 default profile: "default"
2023-12-11 23:04:31.525 INFO  --- [main] com.fanlian.interviewcode.InterviewCodeApplicationTests Line:61  - Started InterviewCodeApplicationTests in 1.657 seconds (JVM running for 2.533)
2023-12-11 23:04:31.724 INFO  --- [main] com.zaxxer.hikari.HikariDataSource Line:110 - HikariPool-1 - Starting...
2023-12-11 23:04:33.638 INFO  --- [main] com.zaxxer.hikari.HikariDataSource Line:123 - HikariPool-1 - Start completed.
2023-12-11 23:04:33.721 INFO  --- [SpringApplicationShutdownHook] com.zaxxer.hikari.HikariDataSource Line:350 - HikariPool-1 - Shutdown initiated...
2023-12-11 23:04:33.723 INFO  --- [SpringApplicationShutdownHook] com.zaxxer.hikari.HikariDataSource Line:352 - HikariPool-1 - Shutdown completed.
2023-12-11 23:14:02.611 INFO  --- [main] com.fanlian.interviewcode.InterviewCodeApplicationTests Line:55  - Starting InterviewCodeApplicationTests using Java 1.8.0_301 on DESKTOP-HPV2FFG with PID 27248 (started by FanLian in J:\SpringBootDemo\InterviewCode)
2023-12-11 23:14:02.614 INFO  --- [main] com.fanlian.interviewcode.InterviewCodeApplicationTests Line:634 - No active profile set, falling back to 1 default profile: "default"
2023-12-11 23:14:03.989 INFO  --- [main] com.fanlian.interviewcode.InterviewCodeApplicationTests Line:61  - Started InterviewCodeApplicationTests in 1.658 seconds (JVM running for 2.574)
2023-12-11 23:14:41.671 INFO  --- [main] com.fanlian.interviewcode.InterviewCodeApplicationTests Line:55  - Starting InterviewCodeApplicationTests using Java 1.8.0_301 on DESKTOP-HPV2FFG with PID 27000 (started by FanLian in J:\SpringBootDemo\InterviewCode)
2023-12-11 23:14:41.673 INFO  --- [main] com.fanlian.interviewcode.InterviewCodeApplicationTests Line:634 - No active profile set, falling back to 1 default profile: "default"
2023-12-11 23:14:43.080 INFO  --- [main] com.fanlian.interviewcode.InterviewCodeApplicationTests Line:61  - Started InterviewCodeApplicationTests in 1.696 seconds (JVM running for 2.572)
2023-12-11 23:14:43.290 INFO  --- [main] com.zaxxer.hikari.HikariDataSource Line:110 - HikariPool-1 - Starting...
2023-12-11 23:14:45.217 INFO  --- [main] com.zaxxer.hikari.HikariDataSource Line:123 - HikariPool-1 - Start completed.
2023-12-11 23:14:45.302 INFO  --- [SpringApplicationShutdownHook] com.zaxxer.hikari.HikariDataSource Line:350 - HikariPool-1 - Shutdown initiated...
2023-12-11 23:14:45.304 INFO  --- [SpringApplicationShutdownHook] com.zaxxer.hikari.HikariDataSource Line:352 - HikariPool-1 - Shutdown completed.
2023-12-11 23:15:10.924 INFO  --- [main] com.fanlian.interviewcode.InterviewCodeApplicationTests Line:55  - Starting InterviewCodeApplicationTests using Java 1.8.0_301 on DESKTOP-HPV2FFG with PID 24860 (started by FanLian in J:\SpringBootDemo\InterviewCode)
2023-12-11 23:15:10.927 INFO  --- [main] com.fanlian.interviewcode.InterviewCodeApplicationTests Line:634 - No active profile set, falling back to 1 default profile: "default"
2023-12-11 23:15:12.348 INFO  --- [main] com.fanlian.interviewcode.InterviewCodeApplicationTests Line:61  - Started InterviewCodeApplicationTests in 1.695 seconds (JVM running for 2.547)
2023-12-11 23:15:12.540 INFO  --- [main] com.zaxxer.hikari.HikariDataSource Line:110 - HikariPool-1 - Starting...
2023-12-11 23:15:14.443 INFO  --- [main] com.zaxxer.hikari.HikariDataSource Line:123 - HikariPool-1 - Start completed.
2023-12-11 23:15:14.491 INFO  --- [SpringApplicationShutdownHook] com.zaxxer.hikari.HikariDataSource Line:350 - HikariPool-1 - Shutdown initiated...
2023-12-11 23:15:14.494 INFO  --- [SpringApplicationShutdownHook] com.zaxxer.hikari.HikariDataSource Line:352 - HikariPool-1 - Shutdown completed.
